#
# There is insufficient memory for the Java Runtime Environment to continue.
# Native memory allocation (mmap) failed to map 130023424 bytes. Error detail: G1 virtual space
# Possible reasons:
#   The system is out of physical RAM or swap space
#   This process is running with CompressedOops enabled, and the Java Heap may be blocking the growth of the native heap
# Possible solutions:
#   Reduce memory load on the system
#   Increase physical memory or swap space
#   Check if swap backing store is full
#   Decrease Java heap size (-Xmx/-Xms)
#   Decrease number of Java threads
#   Decrease Java thread stack sizes (-Xss)
#   Set larger code cache with -XX:ReservedCodeCacheSize=
#   JVM is running with Unscaled Compressed Oops mode in which the Java heap is
#     placed in the first 4GB address space. The Java Heap base address is the
#     maximum limit for the native heap growth. Please use -XX:HeapBaseMinAddress
#     to set the Java Heap base and to place the Java Heap above 4GB virtual address.
# This output file may be truncated or incomplete.
#
#  Out of Memory Error (os_windows.cpp:3631), pid=28880, tid=30920
#
# JRE version:  (22.0.2+9) (build )
# Java VM: OpenJDK 64-Bit Server VM (22.0.2+9-70, mixed mode, sharing, tiered, compressed oops, compressed class ptrs, g1 gc, windows-amd64)
# No core dump will be written. Minidumps are not enabled by default on client versions of Windows
#

---------------  S U M M A R Y ------------

Command Line: -Dmaven.multiModuleProjectDirectory=C:\Users\User\Desktop\SOFTWARETESING\SOFTWARETESTING\libraryBACKEND -Djansi.passthrough=true -Dmaven.home=C:\Users\User\.m2\wrapper\dists\apache-maven-3.9.9-bin\4nf9hui3q3djbarqar9g711ggc\apache-maven-3.9.9 -Dclassworlds.conf=C:\Users\User\.m2\wrapper\dists\apache-maven-3.9.9-bin\4nf9hui3q3djbarqar9g711ggc\apache-maven-3.9.9\bin\m2.conf -Dmaven.ext.class.path=C:\Program Files\JetBrains\IntelliJ IDEA 2024.1.4\plugins\maven\lib\maven-event-listener.jar -javaagent:C:\Program Files\JetBrains\IntelliJ IDEA 2024.1.4\lib\idea_rt.jar=62503:C:\Program Files\JetBrains\IntelliJ IDEA 2024.1.4\bin -Dfile.encoding=UTF-8 -Dsun.stdout.encoding=UTF-8 -Dsun.stderr.encoding=UTF-8 org.codehaus.classworlds.Launcher -Didea.version=2024.1.4 clean:clean

Host: 12th Gen Intel(R) Core(TM) i3-1215U, 8 cores, 7G,  Windows 11 , 64 bit Build 22621 (10.0.22621.3958)
Time: Sat Sep 28 22:25:56 2024 Sri Lanka Standard Time elapsed time: 0.019099 seconds (0d 0h 0m 0s)

---------------  T H R E A D  ---------------

Current thread (0x000001929c7b07c0):  JavaThread "Unknown thread" [_thread_in_vm, id=30920, stack(0x0000002a5fa00000,0x0000002a5fb00000) (1024K)]

Stack: [0x0000002a5fa00000,0x0000002a5fb00000]
Native frames: (J=compiled Java code, j=interpreted, Vv=VM code, C=native code)
V  [jvm.dll+0x6e26e9]  (no source info available)
V  [jvm.dll+0x875753]  (no source info available)
V  [jvm.dll+0x877b7e]  (no source info available)
V  [jvm.dll+0x878253]  (no source info available)
V  [jvm.dll+0x27fc86]  (no source info available)
V  [jvm.dll+0x6ded85]  (no source info available)
V  [jvm.dll+0x6d388a]  (no source info available)
V  [jvm.dll+0x358b8a]  (no source info available)
V  [jvm.dll+0x3610b6]  (no source info available)
V  [jvm.dll+0x3b419e]  (no source info available)
V  [jvm.dll+0x3b4448]  (no source info available)
V  [jvm.dll+0x32c5ec]  (no source info available)
V  [jvm.dll+0x32d258]  (no source info available)
V  [jvm.dll+0x83d5ac]  (no source info available)
V  [jvm.dll+0x3c10d1]  (no source info available)
V  [jvm.dll+0x8264cc]  (no source info available)
V  [jvm.dll+0x45bd5e]  (no source info available)
V  [jvm.dll+0x45dbe1]  (no source info available)
C  [jli.dll+0x52a3]  (no source info available)
C  [ucrtbase.dll+0x29333]  (no source info available)
C  [KERNEL32.DLL+0x1257d]  (no source info available)
C  [ntdll.dll+0x5af28]  (no source info available)


---------------  P R O C E S S  ---------------

Threads class SMR info:
_java_thread_list=0x00007ffba9fec1c8, length=0, elements={
}

Java Threads: ( => current thread )
Total: 0

Other Threads:
  0x000001929c807390 WorkerThread "GC Thread#0"                     [id=14860, stack(0x0000002a5fb00000,0x0000002a5fc00000) (1024K)]
  0x000001929c818210 ConcurrentGCThread "G1 Main Marker"            [id=8284, stack(0x0000002a5fc00000,0x0000002a5fd00000) (1024K)]
  0x000001929c818c30 WorkerThread "G1 Conc#0"                       [id=14612, stack(0x0000002a5fd00000,0x0000002a5fe00000) (1024K)]

[error occurred during error reporting (printing all threads), id 0xc0000005, EXCEPTION_ACCESS_VIOLATION (0xc0000005) at pc=0x00007ffba973f517]
VM state: not at safepoint (not fully initialized)

VM Mutex/Monitor currently owned by a thread:  ([mutex/lock_event])
[0x00007ffbaa06cc80] Heap_lock - owner thread: 0x000001929c7b07c0

Heap address: 0x0000000085200000, size: 1966 MB, Compressed Oops mode: 32-bit

CDS archive(s) mapped at: [0x0000000000000000-0x0000000000000000-0x0000000000000000), size 0, SharedBaseAddress: 0x0000000800000000, ArchiveRelocationMode: 1.
Narrow klass base: 0x0000000000000000, Narrow klass shift: 0, Narrow klass range: 0x0

GC Precious Log:
 CardTable entry size: 512
 Card Set container configuration: InlinePtr #cards 5 size 8 Array Of Cards #cards 12 size 40 Howl #buckets 4 coarsen threshold 1843 Howl Bitmap #cards 512 size 80 coarsen threshold 460 Card regions per heap region 1 cards per card region 2048

Heap:
 garbage-first heap   total reserved 2013184K, committed 0K, used 0K [0x0000000085200000, 0x0000000100000000)
  region size 1024K, 0 young (0K), 0 survivors (0K)

[error occurred during error reporting (printing heap information), id 0xc0000005, EXCEPTION_ACCESS_VIOLATION (0xc0000005) at pc=0x00007ffba9b3e869]
GC Heap History (0 events):
No events

Dll operation events (1 events):
Event: 0.012 Loaded shared library C:\Users\User\.jdks\openjdk-22.0.2\bin\java.dll

Deoptimization events (0 events):
No events

Classes loaded (0 events):
No events

Classes unloaded (0 events):
No events

Classes redefined (0 events):
No events

Internal exceptions (0 events):
No events

ZGC Phase Switch (0 events):
No events

VM Operations (0 events):
No events

Memory protections (0 events):
No events

Nmethod flushes (0 events):
No events

Events (0 events):
No events


Dynamic libraries:
0x00007ff673620000 - 0x00007ff67362e000 	C:\Users\User\.jdks\openjdk-22.0.2\bin\java.exe
0x00007ffc679f0000 - 0x00007ffc67c07000 	C:\WINDOWS\SYSTEM32\ntdll.dll
0x00007ffc663c0000 - 0x00007ffc66484000 	C:\WINDOWS\System32\KERNEL32.DLL
0x00007ffc65180000 - 0x00007ffc6552d000 	C:\WINDOWS\System32\KERNELBASE.dll
0x00007ffc65530000 - 0x00007ffc65641000 	C:\WINDOWS\System32\ucrtbase.dll
0x00007ffc4dae0000 - 0x00007ffc4daf7000 	C:\Users\User\.jdks\openjdk-22.0.2\bin\jli.dll
0x00007ffc47b30000 - 0x00007ffc47b4b000 	C:\Users\User\.jdks\openjdk-22.0.2\bin\VCRUNTIME140.dll
0x00007ffc66940000 - 0x00007ffc66aee000 	C:\WINDOWS\System32\USER32.dll
0x00007ffc64d10000 - 0x00007ffc64d36000 	C:\WINDOWS\System32\win32u.dll
0x00007ffc487e0000 - 0x00007ffc48a73000 	C:\WINDOWS\WinSxS\amd64_microsoft.windows.common-controls_6595b64144ccf1df_6.0.22621.3672_none_2713b9d173822955\COMCTL32.dll
0x00007ffc66190000 - 0x00007ffc661b9000 	C:\WINDOWS\System32\GDI32.dll
0x00007ffc64dc0000 - 0x00007ffc64ed9000 	C:\WINDOWS\System32\gdi32full.dll
0x00007ffc677e0000 - 0x00007ffc67887000 	C:\WINDOWS\System32\msvcrt.dll
0x00007ffc65680000 - 0x00007ffc6571a000 	C:\WINDOWS\System32\msvcp_win.dll
0x00007ffc675c0000 - 0x00007ffc675f1000 	C:\WINDOWS\System32\IMM32.DLL
0x00007ffc4e0e0000 - 0x00007ffc4e0ec000 	C:\Users\User\.jdks\openjdk-22.0.2\bin\vcruntime140_1.dll
0x00007ffbd45d0000 - 0x00007ffbd465e000 	C:\Users\User\.jdks\openjdk-22.0.2\bin\msvcp140.dll
0x00007ffba9400000 - 0x00007ffbaa149000 	C:\Users\User\.jdks\openjdk-22.0.2\bin\server\jvm.dll
0x00007ffc65bb0000 - 0x00007ffc65c62000 	C:\WINDOWS\System32\ADVAPI32.dll
0x00007ffc66890000 - 0x00007ffc66939000 	C:\WINDOWS\System32\sechost.dll
0x00007ffc65650000 - 0x00007ffc65678000 	C:\WINDOWS\System32\bcrypt.dll
0x00007ffc67890000 - 0x00007ffc679a4000 	C:\WINDOWS\System32\RPCRT4.dll
0x00007ffc65f20000 - 0x00007ffc65f91000 	C:\WINDOWS\System32\WS2_32.dll
0x00007ffc5a690000 - 0x00007ffc5a6c4000 	C:\WINDOWS\SYSTEM32\WINMM.dll
0x00007ffc64be0000 - 0x00007ffc64c2d000 	C:\WINDOWS\SYSTEM32\POWRPROF.dll
0x00007ffc51710000 - 0x00007ffc5171a000 	C:\WINDOWS\SYSTEM32\VERSION.dll
0x00007ffc64bc0000 - 0x00007ffc64bd3000 	C:\WINDOWS\SYSTEM32\UMPDC.dll
0x00007ffc63d60000 - 0x00007ffc63d78000 	C:\WINDOWS\SYSTEM32\kernel.appcore.dll
0x00007ffc4dd40000 - 0x00007ffc4dd4a000 	C:\Users\User\.jdks\openjdk-22.0.2\bin\jimage.dll
0x00007ffc62170000 - 0x00007ffc623a2000 	C:\WINDOWS\SYSTEM32\DBGHELP.DLL
0x00007ffc66490000 - 0x00007ffc6681e000 	C:\WINDOWS\System32\combase.dll
0x00007ffc65fb0000 - 0x00007ffc66087000 	C:\WINDOWS\System32\OLEAUT32.dll
0x00007ffc3e160000 - 0x00007ffc3e192000 	C:\WINDOWS\SYSTEM32\dbgcore.DLL
0x00007ffc64d40000 - 0x00007ffc64dbb000 	C:\WINDOWS\System32\bcryptPrimitives.dll
0x00007ffc46510000 - 0x00007ffc4651f000 	C:\Users\User\.jdks\openjdk-22.0.2\bin\instrument.dll
0x00007ffc337e0000 - 0x00007ffc337fe000 	C:\Users\User\.jdks\openjdk-22.0.2\bin\java.dll
0x00007ffc66b80000 - 0x00007ffc673e7000 	C:\WINDOWS\System32\SHELL32.dll
0x00007ffc65d70000 - 0x00007ffc65f15000 	C:\WINDOWS\System32\ole32.dll

dbghelp: loaded successfully - version: 4.0.5 - missing functions: none
symbol engine: initialized successfully - sym options: 0x614 - pdb path: .;C:\Users\User\.jdks\openjdk-22.0.2\bin;C:\WINDOWS\SYSTEM32;C:\WINDOWS\WinSxS\amd64_microsoft.windows.common-controls_6595b64144ccf1df_6.0.22621.3672_none_2713b9d173822955;C:\Users\User\.jdks\openjdk-22.0.2\bin\server

VM Arguments:
jvm_args: -Dmaven.multiModuleProjectDirectory=C:\Users\User\Desktop\SOFTWARETESING\SOFTWARETESTING\libraryBACKEND -Djansi.passthrough=true -Dmaven.home=C:\Users\User\.m2\wrapper\dists\apache-maven-3.9.9-bin\4nf9hui3q3djbarqar9g711ggc\apache-maven-3.9.9 -Dclassworlds.conf=C:\Users\User\.m2\wrapper\dists\apache-maven-3.9.9-bin\4nf9hui3q3djbarqar9g711ggc\apache-maven-3.9.9\bin\m2.conf -Dmaven.ext.class.path=C:\Program Files\JetBrains\IntelliJ IDEA 2024.1.4\plugins\maven\lib\maven-event-listener.jar -javaagent:C:\Program Files\JetBrains\IntelliJ IDEA 2024.1.4\lib\idea_rt.jar=62503:C:\Program Files\JetBrains\IntelliJ IDEA 2024.1.4\bin -Dfile.encoding=UTF-8 -Dsun.stdout.encoding=UTF-8 -Dsun.stderr.encoding=UTF-8 
java_command: org.codehaus.classworlds.Launcher -Didea.version=2024.1.4 clean:clean
java_class_path (initial): C:\Users\User\.m2\wrapper\dists\apache-maven-3.9.9-bin\4nf9hui3q3djbarqar9g711ggc\apache-maven-3.9.9\boot\plexus-classworlds-2.8.0.jar;C:\Users\User\.m2\wrapper\dists\apache-maven-3.9.9-bin\4nf9hui3q3djbarqar9g711ggc\apache-maven-3.9.9\boot\plexus-classworlds.license
Launcher Type: SUN_STANDARD

[Global flags]
     intx CICompilerCount                          = 4                                         {product} {ergonomic}
     uint ConcGCThreads                            = 2                                         {product} {ergonomic}
     uint G1ConcRefinementThreads                  = 8                                         {product} {ergonomic}
   size_t G1HeapRegionSize                         = 1048576                                   {product} {ergonomic}
   size_t InitialHeapSize                          = 130023424                                 {product} {ergonomic}
   size_t MarkStackSize                            = 4194304                                   {product} {ergonomic}
   size_t MaxHeapSize                              = 2061500416                                {product} {ergonomic}
   size_t MinHeapDeltaBytes                        = 1048576                                   {product} {ergonomic}
   size_t MinHeapSize                              = 8388608                                   {product} {ergonomic}
    uintx NonNMethodCodeHeapSize                   = 5839372                                {pd product} {ergonomic}
    uintx NonProfiledCodeHeapSize                  = 122909434                              {pd product} {ergonomic}
    uintx ProfiledCodeHeapSize                     = 122909434                              {pd product} {ergonomic}
    uintx ReservedCodeCacheSize                    = 251658240                              {pd product} {ergonomic}
     bool SegmentedCodeCache                       = true                                      {product} {ergonomic}
   size_t SoftMaxHeapSize                          = 2061500416                             {manageable} {ergonomic}
     bool UseCompressedOops                        = true                           {product lp64_product} {ergonomic}
     bool UseG1GC                                  = true                                      {product} {ergonomic}
     bool UseLargePagesIndividualAllocation        = false                                  {pd product} {ergonomic}

Logging:
Log output configuration:
 #0: stdout all=warning uptime,level,tags foldmultilines=false
 #1: stderr all=off uptime,level,tags foldmultilines=false

Environment Variables:
PATH=C:\Program Files\Common Files\Oracle\Java\javapath;C:\Program Files\Microsoft\jdk-11.0.16.101-hotspot\bin;C:\Program Files (x86)\Common Files\Oracle\Java\javapath;C:\WINDOWS\system32;C:\WINDOWS;C:\WINDOWS\System32\Wbem;C:\WINDOWS\System32\WindowsPowerShell\v1.0\;C:\WINDOWS\System32\OpenSSH\;C:\MinGW\bin;C:\Program Files (x86)\HP\Common\HPDestPlgIn\;C:\Program Files\Java\jdk1.8.0_341\bin;C:\Program Files\dotnet\;C:\Program Files\nodejs\;C:\Program Files\Git\cmd;C:\Program Files\Docker\Docker\resources\bin;C:\xampp\php;C:\ProgramData\ComposerSetup\bin;C:\apache-maven-3.9.8-bin\apache-maven-3.9.8\bin;C:\Program Files (x86)\Windows Kits\10\Windows Performance Toolkit\;C:\Program Files\MySQL\MySQL Shell 8.0\bin\;C:\Users\User\AppData\Local\Programs\Python\Python312\Scripts\;C:\Users\User\AppData\Local\Programs\Python\Python312\;C:\Users\User\AppData\Local\Programs\Python\Launcher\;C:\Users\User\AppData\Local\Microsoft\WindowsApps;C:\Users\User\AppData\Local\Programs\Microsoft VS Code\bin;C:\Program Files (x86)\HP\Common\HPDestPlgIn\;C:\mg\MinGW\bin;C:\Users\User\AppData\Roaming\npm;C:\flutter\bin;C:\dart-sdk\bin;C:\Users\User\AppData\Roaming\Composer\vendor\bin;C:\Program Files\JetBrains\IntelliJ IDEA 2024.1.4\bin;;C:\Program Files\JetBrains\IntelliJ IDEA Community Edition 2024.2.1\bin;
USERNAME=User
OS=Windows_NT
PROCESSOR_IDENTIFIER=Intel64 Family 6 Model 154 Stepping 4, GenuineIntel
TMP=C:\Users\User\AppData\Local\Temp
TEMP=C:\Users\User\AppData\Local\Temp




Periodic native trim disabled

---------------  S Y S T E M  ---------------

OS:
 Windows 11 , 64 bit Build 22621 (10.0.22621.3958)
OS uptime: 2 days 5:47 hours

CPU: total 8 (initial active 8) (8 cores per cpu, 1 threads per core) family 6 model 154 stepping 4 microcode 0x42c, cx8, cmov, fxsr, mmx, 3dnowpref, sse, sse2, sse3, ssse3, sse4.1, sse4.2, popcnt, lzcnt, tsc, tscinvbit, avx, avx2, aes, erms, clmul, bmi1, bmi2, adx, sha, fma, vzeroupper, clflush, clflushopt, clwb, serialize, rdtscp, rdpid, fsrm, f16c, pku, cet_ibt, cet_ss
Processor Information for processor 0
  Max Mhz: 1200, Current Mhz: 1200, Mhz Limit: 1200
Processor Information for processor 1
  Max Mhz: 1200, Current Mhz: 1200, Mhz Limit: 1200
Processor Information for processor 2
  Max Mhz: 1200, Current Mhz: 1200, Mhz Limit: 1200
Processor Information for processor 3
  Max Mhz: 1200, Current Mhz: 1200, Mhz Limit: 1200
Processor Information for processor 4
  Max Mhz: 1200, Current Mhz: 900, Mhz Limit: 900
Processor Information for processor 5
  Max Mhz: 1200, Current Mhz: 900, Mhz Limit: 900
Processor Information for processor 6
  Max Mhz: 1200, Current Mhz: 900, Mhz Limit: 900
Processor Information for processor 7
  Max Mhz: 1200, Current Mhz: 900, Mhz Limit: 900

Memory: 4k page, system-wide physical 7863M (331M free)
TotalPageFile size 30722M (AvailPageFile size 109M)
current process WorkingSet (physical memory assigned to process): 12M, peak: 12M
current process commit charge ("private bytes"): 60M, peak: 184M

vm_info: OpenJDK 64-Bit Server VM (22.0.2+9-70) for windows-amd64 JRE (22.0.2+9-70), built on 2024-06-04T16:52:23Z by "mach5one" with MS VC++ 17.6 (VS2022)

END.
