#
# There is insufficient memory for the Java Runtime Environment to continue.
# Native memory allocation (malloc) failed to allocate 794736 bytes. Error detail: Chunk::new
# Possible reasons:
#   The system is out of physical RAM or swap space
#   This process is running with CompressedOops enabled, and the Java Heap may be blocking the growth of the native heap
# Possible solutions:
#   Reduce memory load on the system
#   Increase physical memory or swap space
#   Check if swap backing store is full
#   Decrease Java heap size (-Xmx/-Xms)
#   Decrease number of Java threads
#   Decrease Java thread stack sizes (-Xss)
#   Set larger code cache with -XX:ReservedCodeCacheSize=
#   JVM is running with Unscaled Compressed Oops mode in which the Java heap is
#     placed in the first 4GB address space. The Java Heap base address is the
#     maximum limit for the native heap growth. Please use -XX:HeapBaseMinAddress
#     to set the Java Heap base and to place the Java Heap above 4GB virtual address.
# This output file may be truncated or incomplete.
#
#  Out of Memory Error (arena.cpp:150), pid=27868, tid=34716
#
# JRE version: OpenJDK Runtime Environment (22.0.2+9) (build 22.0.2+9-70)
# Java VM: OpenJDK 64-Bit Server VM (22.0.2+9-70, mixed mode, sharing, tiered, compressed oops, compressed class ptrs, g1 gc, windows-amd64)
# No core dump will be written. Minidumps are not enabled by default on client versions of Windows
#

---------------  S U M M A R Y ------------

Command Line: -javaagent:C:\\Users\\User\\.m2\\repository\\org\\jacoco\\org.jacoco.agent\\0.8.12\\org.jacoco.agent-0.8.12-runtime.jar=destfile=C:\\Users\\User\\Desktop\\SOFTWARETESING\\SOFTWARETESTING\\libraryBACKEND\\target\\jacoco.exec C:\Users\User\AppData\Local\Temp\surefire2649354232118681853\surefirebooter16027996740242765056.jar C:\Users\User\AppData\Local\Temp\surefire2649354232118681853 2024-09-28T22-22-29_860-jvmRun1 surefire7674726620595206451tmp surefire_017137481530896107465tmp

Host: 12th Gen Intel(R) Core(TM) i3-1215U, 8 cores, 7G,  Windows 11 , 64 bit Build 22621 (10.0.22621.3958)
Time: Sat Sep 28 22:22:42 2024 Sri Lanka Standard Time elapsed time: 11.945778 seconds (0d 0h 0m 11s)

---------------  T H R E A D  ---------------

Current thread (0x000001a4701f6080):  JavaThread "C2 CompilerThread1" daemon [_thread_in_native, id=34716, stack(0x000000498b900000,0x000000498ba00000) (1024K)]


Current CompileTask:
C2:11945 5703       4       org.jacoco.agent.rt.internal_aeaf9ab.asm.tree.MethodNode::accept (874 bytes)

Stack: [0x000000498b900000,0x000000498ba00000]
Native frames: (J=compiled Java code, j=interpreted, Vv=VM code, C=native code)
V  [jvm.dll+0x6e26e9]  (no source info available)
V  [jvm.dll+0x875753]  (no source info available)
V  [jvm.dll+0x877b7e]  (no source info available)
V  [jvm.dll+0x878253]  (no source info available)
V  [jvm.dll+0x27fc86]  (no source info available)
V  [jvm.dll+0xc3d0f]  (no source info available)
V  [jvm.dll+0xc3f6b]  (no source info available)
V  [jvm.dll+0x3bb442]  (no source info available)
V  [jvm.dll+0x387d4b]  (no source info available)
V  [jvm.dll+0x3871ba]  (no source info available)
V  [jvm.dll+0x2477f8]  (no source info available)
V  [jvm.dll+0x246e9f]  (no source info available)
V  [jvm.dll+0x1c4e80]  (no source info available)
V  [jvm.dll+0x2568f3]  (no source info available)
V  [jvm.dll+0x254baa]  (no source info available)
V  [jvm.dll+0x3f57a6]  (no source info available)
V  [jvm.dll+0x81dc0b]  (no source info available)
V  [jvm.dll+0x6e0d85]  (no source info available)
C  [ucrtbase.dll+0x29333]  (no source info available)
C  [KERNEL32.DLL+0x1257d]  (no source info available)
C  [ntdll.dll+0x5af28]  (no source info available)


---------------  P R O C E S S  ---------------

Threads class SMR info:
_java_thread_list=0x000001a47294f0b0, length=15, elements={
0x000001a40a92e070, 0x000001a428ff7030, 0x000001a428ff7d50, 0x000001a428fffa70,
0x000001a429003660, 0x000001a429001610, 0x000001a429001c80, 0x000001a42902f560,
0x000001a429030010, 0x000001a4292097f0, 0x000001a429b23d70, 0x000001a46f3b5920,
0x000001a46f683fb0, 0x000001a4701f6080, 0x000001a46ff393d0
}

Java Threads: ( => current thread )
  0x000001a40a92e070 JavaThread "main"                              [_thread_in_vm, id=14152, stack(0x0000004989e00000,0x0000004989f00000) (1024K)]
  0x000001a428ff7030 JavaThread "Reference Handler"          daemon [_thread_blocked, id=29708, stack(0x000000498a600000,0x000000498a700000) (1024K)]
  0x000001a428ff7d50 JavaThread "Finalizer"                  daemon [_thread_blocked, id=25364, stack(0x000000498a700000,0x000000498a800000) (1024K)]
  0x000001a428fffa70 JavaThread "Signal Dispatcher"          daemon [_thread_blocked, id=21692, stack(0x000000498a800000,0x000000498a900000) (1024K)]
  0x000001a429003660 JavaThread "Attach Listener"            daemon [_thread_blocked, id=34724, stack(0x000000498a900000,0x000000498aa00000) (1024K)]
  0x000001a429001610 JavaThread "Service Thread"             daemon [_thread_blocked, id=1860, stack(0x000000498aa00000,0x000000498ab00000) (1024K)]
  0x000001a429001c80 JavaThread "Monitor Deflation Thread"   daemon [_thread_blocked, id=27168, stack(0x000000498ab00000,0x000000498ac00000) (1024K)]
  0x000001a42902f560 JavaThread "C2 CompilerThread0"         daemon [_thread_in_native, id=15092, stack(0x000000498ac00000,0x000000498ad00000) (1024K)]
  0x000001a429030010 JavaThread "C1 CompilerThread0"         daemon [_thread_blocked, id=31076, stack(0x000000498ad00000,0x000000498ae00000) (1024K)]
  0x000001a4292097f0 JavaThread "Common-Cleaner"             daemon [_thread_blocked, id=27068, stack(0x000000498ae00000,0x000000498af00000) (1024K)]
  0x000001a429b23d70 JavaThread "Notification Thread"        daemon [_thread_blocked, id=6716, stack(0x000000498af00000,0x000000498b000000) (1024K)]
  0x000001a46f3b5920 JavaThread "surefire-forkedjvm-command-thread" daemon [_thread_in_native, id=18572, stack(0x000000498b000000,0x000000498b100000) (1024K)]
  0x000001a46f683fb0 JavaThread "surefire-forkedjvm-ping-30s" daemon [_thread_in_native, id=25772, stack(0x000000498b100000,0x000000498b200000) (1024K)]
=>0x000001a4701f6080 JavaThread "C2 CompilerThread1"         daemon [_thread_in_native, id=34716, stack(0x000000498b900000,0x000000498ba00000) (1024K)]
  0x000001a46ff393d0 JavaThread "mysql-cj-abandoned-connection-cleanup" daemon [_thread_blocked, id=34064, stack(0x000000498ba00000,0x000000498bb00000) (1024K)]
Total: 15

Other Threads:
  0x000001a428fde390 VMThread "VM Thread"                           [id=20860, stack(0x000000498a500000,0x000000498a600000) (1024K)]
  0x000001a428fc6460 WatcherThread "VM Periodic Task Thread"        [id=12860, stack(0x000000498a400000,0x000000498a500000) (1024K)]
  0x000001a40a983b70 WorkerThread "GC Thread#0"                     [id=29280, stack(0x0000004989f00000,0x000000498a000000) (1024K)]
  0x000001a46f6a5ab0 WorkerThread "GC Thread#1"                     [id=34356, stack(0x000000498b200000,0x000000498b300000) (1024K)]
  0x000001a46f6b6390 WorkerThread "GC Thread#2"                     [id=34088, stack(0x000000498b300000,0x000000498b400000) (1024K)]
  0x000001a46f6b6740 WorkerThread "GC Thread#3"                     [id=30688, stack(0x000000498b400000,0x000000498b500000) (1024K)]
  0x000001a46f6baf20 WorkerThread "GC Thread#4"                     [id=30452, stack(0x000000498b500000,0x000000498b600000) (1024K)]
  0x000001a46f6bb6e0 WorkerThread "GC Thread#5"                     [id=21968, stack(0x000000498b600000,0x000000498b700000) (1024K)]
  0x000001a46f6bba90 WorkerThread "GC Thread#6"                     [id=17392, stack(0x000000498b700000,0x000000498b800000) (1024K)]
  0x000001a470351c10 WorkerThread "GC Thread#7"                     [id=31164, stack(0x000000498b800000,0x000000498b900000) (1024K)]
  0x000001a40a994120 ConcurrentGCThread "G1 Main Marker"            [id=14116, stack(0x000000498a000000,0x000000498a100000) (1024K)]
  0x000001a40a994de0 WorkerThread "G1 Conc#0"                       [id=29976, stack(0x000000498a100000,0x000000498a200000) (1024K)]
  0x000001a470341c70 WorkerThread "G1 Conc#1"                       [id=27076, stack(0x000000498bc00000,0x000000498bd00000) (1024K)]
  0x000001a428e979d0 ConcurrentGCThread "G1 Refine#0"               [id=18112, stack(0x000000498a200000,0x000000498a300000) (1024K)]
  0x000001a428e98370 ConcurrentGCThread "G1 Service"                [id=32908, stack(0x000000498a300000,0x000000498a400000) (1024K)]
Total: 15

Threads with active compile tasks:
C2 CompilerThread0  12060 5694       4       org.jacoco.agent.rt.internal_aeaf9ab.asm.MethodWriter::putMethodInfo (1274 bytes)
C2 CompilerThread1  12060 5703       4       org.jacoco.agent.rt.internal_aeaf9ab.asm.tree.MethodNode::accept (874 bytes)
Total: 2

VM state: not at safepoint (normal execution)

VM Mutex/Monitor currently owned by a thread: None

Heap address: 0x0000000085200000, size: 1966 MB, Compressed Oops mode: 32-bit

CDS archive(s) mapped at: [0x000001a42a000000-0x000001a42ac60000-0x000001a42ac60000), size 12976128, SharedBaseAddress: 0x000001a42a000000, ArchiveRelocationMode: 1.
Compressed class space mapped at: 0x000001a42b000000-0x000001a46b000000, reserved size: 1073741824
Narrow klass base: 0x000001a42a000000, Narrow klass shift: 0, Narrow klass range: 0x41000000

GC Precious Log:
 CardTable entry size: 512
 Card Set container configuration: InlinePtr #cards 5 size 8 Array Of Cards #cards 12 size 40 Howl #buckets 4 coarsen threshold 1843 Howl Bitmap #cards 512 size 80 coarsen threshold 460 Card regions per heap region 1 cards per card region 2048
 CPUs: 8 total, 8 available
 Memory: 7863M
 Large Page Support: Disabled
 NUMA Support: Disabled
 Compressed Oops: Enabled (32-bit)
 Heap Region Size: 1M
 Heap Min Capacity: 8M
 Heap Initial Capacity: 124M
 Heap Max Capacity: 1966M
 Pre-touch: Disabled
 Parallel Workers: 8
 Concurrent Workers: 2
 Concurrent Refinement Workers: 8
 Periodic GC: Disabled

Heap:
 garbage-first heap   total reserved 2013184K, committed 78848K, used 48064K [0x0000000085200000, 0x0000000100000000)
  region size 1024K, 28 young (28672K), 3 survivors (3072K)
 Metaspace       used 36807K, committed 37376K, reserved 1114112K
  class space    used 4276K, committed 4544K, reserved 1048576K

Heap Regions: E=young(eden), S=young(survivor), O=old, HS=humongous(starts), HC=humongous(continues), CS=collection set, F=free, TAMS=top-at-mark-start, PB=parsable bottom
|   0|0x0000000085200000, 0x0000000085300000, 0x0000000085300000|100%|HS|  |TAMS 0x0000000085200000| PB 0x0000000085200000| Complete |  0
|   1|0x0000000085300000, 0x0000000085400000, 0x0000000085400000|100%|HS|  |TAMS 0x0000000085300000| PB 0x0000000085300000| Complete |  0
|   2|0x0000000085400000, 0x0000000085500000, 0x0000000085500000|100%| O|  |TAMS 0x0000000085400000| PB 0x0000000085400000| Untracked |  0
|   3|0x0000000085500000, 0x0000000085600000, 0x0000000085600000|100%| O|  |TAMS 0x0000000085500000| PB 0x0000000085500000| Untracked |  0
|   4|0x0000000085600000, 0x0000000085700000, 0x0000000085700000|100%| O|  |TAMS 0x0000000085600000| PB 0x0000000085600000| Untracked |  0
|   5|0x0000000085700000, 0x0000000085800000, 0x0000000085800000|100%| O|  |TAMS 0x0000000085700000| PB 0x0000000085700000| Untracked |  0
|   6|0x0000000085800000, 0x0000000085900000, 0x0000000085900000|100%| O|  |TAMS 0x0000000085800000| PB 0x0000000085800000| Untracked |  0
|   7|0x0000000085900000, 0x0000000085a00000, 0x0000000085a00000|100%| O|  |TAMS 0x0000000085900000| PB 0x0000000085900000| Untracked |  0
|   8|0x0000000085a00000, 0x0000000085b00000, 0x0000000085b00000|100%| O|  |TAMS 0x0000000085a00000| PB 0x0000000085a00000| Untracked |  0
|   9|0x0000000085b00000, 0x0000000085c00000, 0x0000000085c00000|100%| O|  |TAMS 0x0000000085b00000| PB 0x0000000085b00000| Untracked |  0
|  10|0x0000000085c00000, 0x0000000085d00000, 0x0000000085d00000|100%| O|  |TAMS 0x0000000085c00000| PB 0x0000000085c00000| Untracked |  0
|  11|0x0000000085d00000, 0x0000000085e00000, 0x0000000085e00000|100%| O|  |TAMS 0x0000000085d00000| PB 0x0000000085d00000| Untracked |  0
|  12|0x0000000085e00000, 0x0000000085f00000, 0x0000000085f00000|100%| O|  |TAMS 0x0000000085e00000| PB 0x0000000085e00000| Untracked |  0
|  13|0x0000000085f00000, 0x0000000086000000, 0x0000000086000000|100%| O|  |TAMS 0x0000000085f00000| PB 0x0000000085f00000| Untracked |  0
|  14|0x0000000086000000, 0x0000000086100000, 0x0000000086100000|100%| O|Cm|TAMS 0x0000000086000000| PB 0x0000000086000000| Complete |  0
|  15|0x0000000086100000, 0x0000000086200000, 0x0000000086200000|100%| O|  |TAMS 0x0000000086100000| PB 0x0000000086100000| Untracked |  0
|  16|0x0000000086200000, 0x0000000086300000, 0x0000000086300000|100%| O|  |TAMS 0x0000000086200000| PB 0x0000000086200000| Untracked |  0
|  17|0x0000000086300000, 0x0000000086400000, 0x0000000086400000|100%| O|  |TAMS 0x0000000086300000| PB 0x0000000086300000| Untracked |  0
|  18|0x0000000086400000, 0x0000000086500000, 0x0000000086500000|100%| O|  |TAMS 0x0000000086400000| PB 0x0000000086400000| Untracked |  0
|  19|0x0000000086500000, 0x00000000865f0100, 0x0000000086600000| 93%| O|  |TAMS 0x0000000086500000| PB 0x0000000086500000| Untracked |  0
|  20|0x0000000086600000, 0x0000000086600000, 0x0000000086700000|  0%| F|  |TAMS 0x0000000086600000| PB 0x0000000086600000| Untracked |  0
|  21|0x0000000086700000, 0x0000000086700000, 0x0000000086800000|  0%| F|  |TAMS 0x0000000086700000| PB 0x0000000086700000| Untracked |  0
|  22|0x0000000086800000, 0x0000000086800000, 0x0000000086900000|  0%| F|  |TAMS 0x0000000086800000| PB 0x0000000086800000| Untracked |  0
|  23|0x0000000086900000, 0x0000000086900000, 0x0000000086a00000|  0%| F|  |TAMS 0x0000000086900000| PB 0x0000000086900000| Untracked |  0
|  24|0x0000000086a00000, 0x0000000086a00000, 0x0000000086b00000|  0%| F|  |TAMS 0x0000000086a00000| PB 0x0000000086a00000| Untracked |  0
|  25|0x0000000086b00000, 0x0000000086b00000, 0x0000000086c00000|  0%| F|  |TAMS 0x0000000086b00000| PB 0x0000000086b00000| Untracked |  0
|  26|0x0000000086c00000, 0x0000000086c00000, 0x0000000086d00000|  0%| F|  |TAMS 0x0000000086c00000| PB 0x0000000086c00000| Untracked |  0
|  27|0x0000000086d00000, 0x0000000086d00000, 0x0000000086e00000|  0%| F|  |TAMS 0x0000000086d00000| PB 0x0000000086d00000| Untracked |  0
|  28|0x0000000086e00000, 0x0000000086e00000, 0x0000000086f00000|  0%| F|  |TAMS 0x0000000086e00000| PB 0x0000000086e00000| Untracked |  0
|  29|0x0000000086f00000, 0x0000000086f00000, 0x0000000087000000|  0%| F|  |TAMS 0x0000000086f00000| PB 0x0000000086f00000| Untracked |  0
|  30|0x0000000087000000, 0x0000000087000000, 0x0000000087100000|  0%| F|  |TAMS 0x0000000087000000| PB 0x0000000087000000| Untracked |  0
|  31|0x0000000087100000, 0x0000000087100000, 0x0000000087200000|  0%| F|  |TAMS 0x0000000087100000| PB 0x0000000087100000| Untracked |  0
|  32|0x0000000087200000, 0x0000000087200000, 0x0000000087300000|  0%| F|  |TAMS 0x0000000087200000| PB 0x0000000087200000| Untracked |  0
|  33|0x0000000087300000, 0x0000000087300000, 0x0000000087400000|  0%| F|  |TAMS 0x0000000087300000| PB 0x0000000087300000| Untracked |  0
|  34|0x0000000087400000, 0x0000000087400000, 0x0000000087500000|  0%| F|  |TAMS 0x0000000087400000| PB 0x0000000087400000| Untracked |  0
|  35|0x0000000087500000, 0x0000000087500000, 0x0000000087600000|  0%| F|  |TAMS 0x0000000087500000| PB 0x0000000087500000| Untracked |  0
|  36|0x0000000087600000, 0x0000000087600000, 0x0000000087700000|  0%| F|  |TAMS 0x0000000087600000| PB 0x0000000087600000| Untracked |  0
|  37|0x0000000087700000, 0x0000000087700000, 0x0000000087800000|  0%| F|  |TAMS 0x0000000087700000| PB 0x0000000087700000| Untracked |  0
|  38|0x0000000087800000, 0x0000000087800000, 0x0000000087900000|  0%| F|  |TAMS 0x0000000087800000| PB 0x0000000087800000| Untracked |  0
|  39|0x0000000087900000, 0x0000000087a00000, 0x0000000087a00000|100%| S|CS|TAMS 0x0000000087900000| PB 0x0000000087900000| Complete |  0
|  40|0x0000000087a00000, 0x0000000087b00000, 0x0000000087b00000|100%| S|CS|TAMS 0x0000000087a00000| PB 0x0000000087a00000| Complete |  0
|  41|0x0000000087b00000, 0x0000000087c00000, 0x0000000087c00000|100%| S|CS|TAMS 0x0000000087b00000| PB 0x0000000087b00000| Complete |  0
|  42|0x0000000087c00000, 0x0000000087c00000, 0x0000000087d00000|  0%| F|  |TAMS 0x0000000087c00000| PB 0x0000000087c00000| Untracked |  0
|  43|0x0000000087d00000, 0x0000000087d00000, 0x0000000087e00000|  0%| F|  |TAMS 0x0000000087d00000| PB 0x0000000087d00000| Untracked |  0
|  44|0x0000000087e00000, 0x0000000087e00000, 0x0000000087f00000|  0%| F|  |TAMS 0x0000000087e00000| PB 0x0000000087e00000| Untracked |  0
|  45|0x0000000087f00000, 0x0000000087f00000, 0x0000000088000000|  0%| F|  |TAMS 0x0000000087f00000| PB 0x0000000087f00000| Untracked |  0
|  46|0x0000000088000000, 0x0000000088000000, 0x0000000088100000|  0%| F|  |TAMS 0x0000000088000000| PB 0x0000000088000000| Untracked |  0
|  47|0x0000000088100000, 0x0000000088100000, 0x0000000088200000|  0%| F|  |TAMS 0x0000000088100000| PB 0x0000000088100000| Untracked |  0
|  48|0x0000000088200000, 0x0000000088200000, 0x0000000088300000|  0%| F|  |TAMS 0x0000000088200000| PB 0x0000000088200000| Untracked |  0
|  49|0x0000000088300000, 0x0000000088300000, 0x0000000088400000|  0%| F|  |TAMS 0x0000000088300000| PB 0x0000000088300000| Untracked |  0
|  50|0x0000000088400000, 0x0000000088400000, 0x0000000088500000|  0%| F|  |TAMS 0x0000000088400000| PB 0x0000000088400000| Untracked |  0
|  51|0x0000000088500000, 0x0000000088580000, 0x0000000088600000| 50%| E|  |TAMS 0x0000000088500000| PB 0x0000000088500000| Complete |  0
|  52|0x0000000088600000, 0x0000000088700000, 0x0000000088700000|100%| E|CS|TAMS 0x0000000088600000| PB 0x0000000088600000| Complete |  0
|  53|0x0000000088700000, 0x0000000088800000, 0x0000000088800000|100%| E|CS|TAMS 0x0000000088700000| PB 0x0000000088700000| Complete |  0
|  54|0x0000000088800000, 0x0000000088900000, 0x0000000088900000|100%| E|CS|TAMS 0x0000000088800000| PB 0x0000000088800000| Complete |  0
|  55|0x0000000088900000, 0x0000000088a00000, 0x0000000088a00000|100%| E|CS|TAMS 0x0000000088900000| PB 0x0000000088900000| Complete |  0
|  56|0x0000000088a00000, 0x0000000088b00000, 0x0000000088b00000|100%| E|CS|TAMS 0x0000000088a00000| PB 0x0000000088a00000| Complete |  0
|  57|0x0000000088b00000, 0x0000000088c00000, 0x0000000088c00000|100%| E|CS|TAMS 0x0000000088b00000| PB 0x0000000088b00000| Complete |  0
|  58|0x0000000088c00000, 0x0000000088d00000, 0x0000000088d00000|100%| E|CS|TAMS 0x0000000088c00000| PB 0x0000000088c00000| Complete |  0
|  59|0x0000000088d00000, 0x0000000088e00000, 0x0000000088e00000|100%| E|CS|TAMS 0x0000000088d00000| PB 0x0000000088d00000| Complete |  0
|  60|0x0000000088e00000, 0x0000000088f00000, 0x0000000088f00000|100%| E|CS|TAMS 0x0000000088e00000| PB 0x0000000088e00000| Complete |  0
|  61|0x0000000088f00000, 0x0000000089000000, 0x0000000089000000|100%| E|CS|TAMS 0x0000000088f00000| PB 0x0000000088f00000| Complete |  0
|  62|0x0000000089000000, 0x0000000089100000, 0x0000000089100000|100%| E|CS|TAMS 0x0000000089000000| PB 0x0000000089000000| Complete |  0
|  63|0x0000000089100000, 0x0000000089200000, 0x0000000089200000|100%| E|CS|TAMS 0x0000000089100000| PB 0x0000000089100000| Complete |  0
|  64|0x0000000089200000, 0x0000000089300000, 0x0000000089300000|100%| E|CS|TAMS 0x0000000089200000| PB 0x0000000089200000| Complete |  0
|  65|0x0000000089300000, 0x0000000089400000, 0x0000000089400000|100%| E|CS|TAMS 0x0000000089300000| PB 0x0000000089300000| Complete |  0
|  66|0x0000000089400000, 0x0000000089500000, 0x0000000089500000|100%| E|CS|TAMS 0x0000000089400000| PB 0x0000000089400000| Complete |  0
|  67|0x0000000089500000, 0x0000000089600000, 0x0000000089600000|100%| E|CS|TAMS 0x0000000089500000| PB 0x0000000089500000| Complete |  0
|  68|0x0000000089600000, 0x0000000089700000, 0x0000000089700000|100%| E|CS|TAMS 0x0000000089600000| PB 0x0000000089600000| Complete |  0
|  69|0x0000000089700000, 0x0000000089800000, 0x0000000089800000|100%| E|CS|TAMS 0x0000000089700000| PB 0x0000000089700000| Complete |  0
|  70|0x0000000089800000, 0x0000000089900000, 0x0000000089900000|100%| E|CS|TAMS 0x0000000089800000| PB 0x0000000089800000| Complete |  0
|  91|0x000000008ad00000, 0x000000008ae00000, 0x000000008ae00000|100%| E|CS|TAMS 0x000000008ad00000| PB 0x000000008ad00000| Complete |  0
|  92|0x000000008ae00000, 0x000000008af00000, 0x000000008af00000|100%| E|CS|TAMS 0x000000008ae00000| PB 0x000000008ae00000| Complete |  0
|  93|0x000000008af00000, 0x000000008b000000, 0x000000008b000000|100%| E|CS|TAMS 0x000000008af00000| PB 0x000000008af00000| Complete |  0
|  94|0x000000008b000000, 0x000000008b100000, 0x000000008b100000|100%| E|CS|TAMS 0x000000008b000000| PB 0x000000008b000000| Complete |  0
|  95|0x000000008b100000, 0x000000008b200000, 0x000000008b200000|100%| E|CS|TAMS 0x000000008b100000| PB 0x000000008b100000| Complete |  0
| 123|0x000000008cd00000, 0x000000008ce00000, 0x000000008ce00000|100%| E|CS|TAMS 0x000000008cd00000| PB 0x000000008cd00000| Complete |  0

Card table byte_map: [0x000001a4242a0000,0x000001a424680000] _byte_map_base: 0x000001a423e77000

Marking Bits: (CMBitMap*) 0x000001a40a984280
 Bits: [0x000001a424680000, 0x000001a426538000)

Polling page: 0x000001a40a9f0000

Metaspace:

Usage:
  Non-class:     31.77 MB used.
      Class:      4.18 MB used.
       Both:     35.95 MB used.

Virtual space:
  Non-class space:       64.00 MB reserved,      32.06 MB ( 50%) committed,  1 nodes.
      Class space:        1.00 GB reserved,       4.44 MB ( <1%) committed,  1 nodes.
             Both:        1.06 GB reserved,      36.50 MB (  3%) committed. 

Chunk freelists:
   Non-Class:  15.89 MB
       Class:  11.42 MB
        Both:  27.31 MB

MaxMetaspaceSize: unlimited
CompressedClassSpaceSize: 1.00 GB
Initial GC threshold: 21.00 MB
Current GC threshold: 58.75 MB
CDS: on
 - commit_granule_bytes: 65536.
 - commit_granule_words: 8192.
 - virtual_space_node_default_size: 8388608.
 - enlarge_chunks_in_place: 1.
 - use_allocation_guard: 0.


Internal statistics:

num_allocs_failed_limit: 6.
num_arena_births: 616.
num_arena_deaths: 0.
num_vsnodes_births: 2.
num_vsnodes_deaths: 0.
num_space_committed: 584.
num_space_uncommitted: 0.
num_chunks_returned_to_freelist: 6.
num_chunks_taken_from_freelist: 1902.
num_chunk_merges: 6.
num_chunk_splits: 1322.
num_chunks_enlarged: 982.
num_inconsistent_stats: 0.

CodeHeap 'non-profiled nmethods': size=120000Kb used=3661Kb max_used=3777Kb free=116338Kb
 bounds [0x000001a41bf30000, 0x000001a41c2f0000, 0x000001a423460000]
CodeHeap 'profiled nmethods': size=120000Kb used=9631Kb max_used=11409Kb free=110368Kb
 bounds [0x000001a414460000, 0x000001a414f90000, 0x000001a41b990000]
CodeHeap 'non-nmethods': size=5760Kb used=1483Kb max_used=1565Kb free=4276Kb
 bounds [0x000001a41b990000, 0x000001a41bc00000, 0x000001a41bf30000]
 total_blobs=5588 nmethods=5030 adapters=462
 compilation: enabled
              stopped_count=0, restarted_count=0
 full_count=0

Compilation events (20 events):
Event: 11.816 Thread 0x000001a429030010 5697       3       org.jacoco.agent.rt.internal_aeaf9ab.asm.tree.AnnotationNode::visit (276 bytes)
Event: 11.817 Thread 0x000001a429030010 nmethod 5697 0x000001a414509510 code [0x000001a4145098c0, 0x000001a41450b6d8]
Event: 11.817 Thread 0x000001a429030010 5699       3       org.jacoco.agent.rt.internal_aeaf9ab.asm.AnnotationWriter::visit (935 bytes)
Event: 11.821 Thread 0x000001a429030010 nmethod 5699 0x000001a4145b4690 code [0x000001a4145b4d00, 0x000001a4145b8768]
Event: 11.828 Thread 0x000001a4701f6080 nmethod 5696 0x000001a41c040d10 code [0x000001a41c0410e0, 0x000001a41c041e00]
Event: 11.829 Thread 0x000001a4701f6080 5701       4       org.jacoco.agent.rt.internal_aeaf9ab.asm.MethodVisitor::visitIincInsn (17 bytes)
Event: 11.829 Thread 0x000001a4701f6080 nmethod 5701 0x000001a41bf71910 code [0x000001a41bf71aa0, 0x000001a41bf71b58]
Event: 11.830 Thread 0x000001a4701f6080 5702       4       org.jacoco.agent.rt.internal_aeaf9ab.core.internal.flow.LabelFlowAnalyzer::visitMethodInsn (15 bytes)
Event: 11.833 Thread 0x000001a4701f6080 nmethod 5702 0x000001a41c01cb90 code [0x000001a41c01cd20, 0x000001a41c01cf48]
Event: 11.834 Thread 0x000001a4701f6080 5703       4       org.jacoco.agent.rt.internal_aeaf9ab.asm.tree.MethodNode::accept (874 bytes)
Event: 11.859 Thread 0x000001a429030010 5706       3       org.jacoco.agent.rt.internal_aeaf9ab.asm.ClassReader::readField (675 bytes)
Event: 11.864 Thread 0x000001a429030010 nmethod 5706 0x000001a414681f10 code [0x000001a414682480, 0x000001a414684770]
Event: 11.869 Thread 0x000001a429030010 5708       3       java.lang.invoke.InvokerBytecodeGenerator::classData (173 bytes)
Event: 11.870 Thread 0x000001a429030010 nmethod 5708 0x000001a4144de610 code [0x000001a4144de9a0, 0x000001a4144dffa8]
Event: 11.872 Thread 0x000001a429030010 5712       3       java.util.TreeMap::successor (66 bytes)
Event: 11.873 Thread 0x000001a429030010 nmethod 5712 0x000001a41446b190 code [0x000001a41446b360, 0x000001a41446b690]
Event: 11.873 Thread 0x000001a429030010 5713       3       jdk.internal.org.objectweb.asm.AnnotationWriter::computeAnnotationsSize (42 bytes)
Event: 11.873 Thread 0x000001a429030010 nmethod 5713 0x000001a4144c7310 code [0x000001a4144c74c0, 0x000001a4144c76f8]
Event: 11.873 Thread 0x000001a429030010 5711       3       java.util.TreeMap$PrivateEntryIterator::nextEntry (54 bytes)
Event: 11.874 Thread 0x000001a429030010 nmethod 5711 0x000001a4144e9790 code [0x000001a4144e9980, 0x000001a4144e9db8]

GC Heap History (20 events):
Event: 6.834 GC heap before
{Heap before GC invocations=5 (full 0):
 garbage-first heap   total reserved 2013184K, committed 126976K, used 43388K [0x0000000085200000, 0x0000000100000000)
  region size 1024K, 34 young (34816K), 6 survivors (6144K)
 Metaspace       used 21196K, committed 21504K, reserved 1114112K
  class space    used 2400K, committed 2560K, reserved 1048576K
}
Event: 6.845 GC heap after
{Heap after GC invocations=6 (full 0):
 garbage-first heap   total reserved 2013184K, committed 126976K, used 16309K [0x0000000085200000, 0x0000000100000000)
  region size 1024K, 5 young (5120K), 5 survivors (5120K)
 Metaspace       used 21196K, committed 21504K, reserved 1114112K
  class space    used 2400K, committed 2560K, reserved 1048576K
}
Event: 7.207 GC heap before
{Heap before GC invocations=7 (full 0):
 garbage-first heap   total reserved 2013184K, committed 55296K, used 43957K [0x0000000085200000, 0x0000000100000000)
  region size 1024K, 32 young (32768K), 5 survivors (5120K)
 Metaspace       used 22209K, committed 22528K, reserved 1114112K
  class space    used 2505K, committed 2688K, reserved 1048576K
}
Event: 7.215 GC heap after
{Heap after GC invocations=8 (full 0):
 garbage-first heap   total reserved 2013184K, committed 55296K, used 16608K [0x0000000085200000, 0x0000000100000000)
  region size 1024K, 2 young (2048K), 2 survivors (2048K)
 Metaspace       used 22209K, committed 22528K, reserved 1114112K
  class space    used 2505K, committed 2688K, reserved 1048576K
}
Event: 7.476 GC heap before
{Heap before GC invocations=8 (full 0):
 garbage-first heap   total reserved 2013184K, committed 55296K, used 46304K [0x0000000085200000, 0x0000000100000000)
  region size 1024K, 32 young (32768K), 2 survivors (2048K)
 Metaspace       used 23518K, committed 23808K, reserved 1114112K
  class space    used 2657K, committed 2816K, reserved 1048576K
}
Event: 7.479 GC heap after
{Heap after GC invocations=9 (full 0):
 garbage-first heap   total reserved 2013184K, committed 55296K, used 16682K [0x0000000085200000, 0x0000000100000000)
  region size 1024K, 3 young (3072K), 3 survivors (3072K)
 Metaspace       used 23518K, committed 23808K, reserved 1114112K
  class space    used 2657K, committed 2816K, reserved 1048576K
}
Event: 7.588 GC heap before
{Heap before GC invocations=9 (full 0):
 garbage-first heap   total reserved 2013184K, committed 55296K, used 46378K [0x0000000085200000, 0x0000000100000000)
  region size 1024K, 32 young (32768K), 3 survivors (3072K)
 Metaspace       used 24813K, committed 25216K, reserved 1114112K
  class space    used 2814K, committed 3008K, reserved 1048576K
}
Event: 7.592 GC heap after
{Heap after GC invocations=10 (full 0):
 garbage-first heap   total reserved 2013184K, committed 66560K, used 16639K [0x0000000085200000, 0x0000000100000000)
  region size 1024K, 1 young (1024K), 1 survivors (1024K)
 Metaspace       used 24813K, committed 25216K, reserved 1114112K
  class space    used 2814K, committed 3008K, reserved 1048576K
}
Event: 8.081 GC heap before
{Heap before GC invocations=10 (full 0):
 garbage-first heap   total reserved 2013184K, committed 66560K, used 55551K [0x0000000085200000, 0x0000000100000000)
  region size 1024K, 39 young (39936K), 1 survivors (1024K)
 Metaspace       used 27051K, committed 27392K, reserved 1114112K
  class space    used 3097K, committed 3264K, reserved 1048576K
}
Event: 8.086 GC heap after
{Heap after GC invocations=11 (full 0):
 garbage-first heap   total reserved 2013184K, committed 66560K, used 18802K [0x0000000085200000, 0x0000000100000000)
  region size 1024K, 4 young (4096K), 4 survivors (4096K)
 Metaspace       used 27051K, committed 27392K, reserved 1114112K
  class space    used 3097K, committed 3264K, reserved 1048576K
}
Event: 9.103 GC heap before
{Heap before GC invocations=11 (full 0):
 garbage-first heap   total reserved 2013184K, committed 66560K, used 54642K [0x0000000085200000, 0x0000000100000000)
  region size 1024K, 39 young (39936K), 4 survivors (4096K)
 Metaspace       used 28640K, committed 29056K, reserved 1114112K
  class space    used 3256K, committed 3456K, reserved 1048576K
}
Event: 9.111 GC heap after
{Heap after GC invocations=12 (full 0):
 garbage-first heap   total reserved 2013184K, committed 66560K, used 20756K [0x0000000085200000, 0x0000000100000000)
  region size 1024K, 5 young (5120K), 5 survivors (5120K)
 Metaspace       used 28640K, committed 29056K, reserved 1114112K
  class space    used 3256K, committed 3456K, reserved 1048576K
}
Event: 9.553 GC heap before
{Heap before GC invocations=12 (full 0):
 garbage-first heap   total reserved 2013184K, committed 66560K, used 54548K [0x0000000085200000, 0x0000000100000000)
  region size 1024K, 39 young (39936K), 5 survivors (5120K)
 Metaspace       used 30197K, committed 30592K, reserved 1114112K
  class space    used 3422K, committed 3584K, reserved 1048576K
}
Event: 9.562 GC heap after
{Heap after GC invocations=13 (full 0):
 garbage-first heap   total reserved 2013184K, committed 66560K, used 20683K [0x0000000085200000, 0x0000000100000000)
  region size 1024K, 3 young (3072K), 3 survivors (3072K)
 Metaspace       used 30197K, committed 30592K, reserved 1114112K
  class space    used 3422K, committed 3584K, reserved 1048576K
}
Event: 10.405 GC heap before
{Heap before GC invocations=13 (full 0):
 garbage-first heap   total reserved 2013184K, committed 66560K, used 57547K [0x0000000085200000, 0x0000000100000000)
  region size 1024K, 39 young (39936K), 3 survivors (3072K)
 Metaspace       used 31962K, committed 32320K, reserved 1114112K
  class space    used 3662K, committed 3840K, reserved 1048576K
}
Event: 10.414 GC heap after
{Heap after GC invocations=14 (full 0):
 garbage-first heap   total reserved 2013184K, committed 66560K, used 21341K [0x0000000085200000, 0x0000000100000000)
  region size 1024K, 3 young (3072K), 3 survivors (3072K)
 Metaspace       used 31962K, committed 32320K, reserved 1114112K
  class space    used 3662K, committed 3840K, reserved 1048576K
}
Event: 11.112 GC heap before
{Heap before GC invocations=14 (full 0):
 garbage-first heap   total reserved 2013184K, committed 66560K, used 58205K [0x0000000085200000, 0x0000000100000000)
  region size 1024K, 39 young (39936K), 3 survivors (3072K)
 Metaspace       used 34175K, committed 34624K, reserved 1114112K
  class space    used 3936K, committed 4096K, reserved 1048576K
}
Event: 11.126 GC heap after
{Heap after GC invocations=15 (full 0):
 garbage-first heap   total reserved 2013184K, committed 66560K, used 22577K [0x0000000085200000, 0x0000000100000000)
  region size 1024K, 3 young (3072K), 3 survivors (3072K)
 Metaspace       used 34175K, committed 34624K, reserved 1114112K
  class space    used 3936K, committed 4096K, reserved 1048576K
}
Event: 11.626 GC heap before
{Heap before GC invocations=15 (full 0):
 garbage-first heap   total reserved 2013184K, committed 66560K, used 45105K [0x0000000085200000, 0x0000000100000000)
  region size 1024K, 26 young (26624K), 3 survivors (3072K)
 Metaspace       used 35515K, committed 35968K, reserved 1114112K
  class space    used 4145K, committed 4352K, reserved 1048576K
}
Event: 11.636 GC heap after
{Heap after GC invocations=16 (full 0):
 garbage-first heap   total reserved 2013184K, committed 79872K, used 23488K [0x0000000085200000, 0x0000000100000000)
  region size 1024K, 3 young (3072K), 3 survivors (3072K)
 Metaspace       used 35515K, committed 35968K, reserved 1114112K
  class space    used 4145K, committed 4352K, reserved 1048576K
}

Dll operation events (13 events):
Event: 0.011 Loaded shared library C:\Users\User\.jdks\openjdk-22.0.2\bin\java.dll
Event: 0.048 Loaded shared library C:\Users\User\.jdks\openjdk-22.0.2\bin\jsvml.dll
Event: 0.089 Loaded shared library C:\Users\User\.jdks\openjdk-22.0.2\bin\zip.dll
Event: 0.094 Loaded shared library C:\Users\User\.jdks\openjdk-22.0.2\bin\instrument.dll
Event: 0.099 Loaded shared library C:\Users\User\.jdks\openjdk-22.0.2\bin\net.dll
Event: 0.101 Loaded shared library C:\Users\User\.jdks\openjdk-22.0.2\bin\nio.dll
Event: 0.103 Loaded shared library C:\Users\User\.jdks\openjdk-22.0.2\bin\zip.dll
Event: 0.240 Loaded shared library C:\Users\User\.jdks\openjdk-22.0.2\bin\verify.dll
Event: 0.295 Loaded shared library C:\Users\User\.jdks\openjdk-22.0.2\bin\jimage.dll
Event: 0.606 Loaded shared library C:\Users\User\.jdks\openjdk-22.0.2\bin\management.dll
Event: 0.613 Loaded shared library C:\Users\User\.jdks\openjdk-22.0.2\bin\management_ext.dll
Event: 6.133 Loaded shared library C:\Users\User\.jdks\openjdk-22.0.2\bin\le.dll
Event: 7.994 Loaded shared library C:\Users\User\.jdks\openjdk-22.0.2\bin\sunmscapi.dll

Deoptimization events (20 events):
Event: 11.734 Thread 0x000001a40a92e070 Uncommon trap: trap_request=0xffffffbe fr.pc=0x000001a41c2c1d6c relative=0x00000000000029ec
Event: 11.734 Thread 0x000001a40a92e070 Uncommon trap: reason=profile_predicate action=maybe_recompile pc=0x000001a41c2c1d6c method=org.jacoco.agent.rt.internal_aeaf9ab.asm.tree.MethodNode.accept(Lorg/jacoco/agent/rt/internal_aeaf9ab/asm/MethodVisitor;)V @ 217 c2
Event: 11.734 Thread 0x000001a40a92e070 DEOPT PACKING pc=0x000001a41c2c1d6c sp=0x0000004989ef73a0
Event: 11.734 Thread 0x000001a40a92e070 DEOPT UNPACKING pc=0x000001a41b9e46a2 sp=0x0000004989ef7368 mode 2
Event: 11.734 Thread 0x000001a40a92e070 Uncommon trap: trap_request=0xffffffbe fr.pc=0x000001a41c2c1d6c relative=0x00000000000029ec
Event: 11.734 Thread 0x000001a40a92e070 Uncommon trap: reason=profile_predicate action=maybe_recompile pc=0x000001a41c2c1d6c method=org.jacoco.agent.rt.internal_aeaf9ab.asm.tree.MethodNode.accept(Lorg/jacoco/agent/rt/internal_aeaf9ab/asm/MethodVisitor;)V @ 217 c2
Event: 11.734 Thread 0x000001a40a92e070 DEOPT PACKING pc=0x000001a41c2c1d6c sp=0x0000004989ef73a0
Event: 11.734 Thread 0x000001a40a92e070 DEOPT UNPACKING pc=0x000001a41b9e46a2 sp=0x0000004989ef7368 mode 2
Event: 11.734 Thread 0x000001a40a92e070 Uncommon trap: trap_request=0xffffffbe fr.pc=0x000001a41c2c1d6c relative=0x00000000000029ec
Event: 11.734 Thread 0x000001a40a92e070 Uncommon trap: reason=profile_predicate action=maybe_recompile pc=0x000001a41c2c1d6c method=org.jacoco.agent.rt.internal_aeaf9ab.asm.tree.MethodNode.accept(Lorg/jacoco/agent/rt/internal_aeaf9ab/asm/MethodVisitor;)V @ 217 c2
Event: 11.734 Thread 0x000001a40a92e070 DEOPT PACKING pc=0x000001a41c2c1d6c sp=0x0000004989ef73a0
Event: 11.734 Thread 0x000001a40a92e070 DEOPT UNPACKING pc=0x000001a41b9e46a2 sp=0x0000004989ef7368 mode 2
Event: 11.734 Thread 0x000001a40a92e070 Uncommon trap: trap_request=0xffffffbe fr.pc=0x000001a41c2c1d6c relative=0x00000000000029ec
Event: 11.734 Thread 0x000001a40a92e070 Uncommon trap: reason=profile_predicate action=maybe_recompile pc=0x000001a41c2c1d6c method=org.jacoco.agent.rt.internal_aeaf9ab.asm.tree.MethodNode.accept(Lorg/jacoco/agent/rt/internal_aeaf9ab/asm/MethodVisitor;)V @ 217 c2
Event: 11.734 Thread 0x000001a40a92e070 DEOPT PACKING pc=0x000001a41c2c1d6c sp=0x0000004989ef73a0
Event: 11.734 Thread 0x000001a40a92e070 DEOPT UNPACKING pc=0x000001a41b9e46a2 sp=0x0000004989ef7368 mode 2
Event: 11.807 Thread 0x000001a40a92e070 Uncommon trap: trap_request=0xffffff45 fr.pc=0x000001a41c2e54dc relative=0x000000000000473c
Event: 11.807 Thread 0x000001a40a92e070 Uncommon trap: reason=unstable_if action=reinterpret pc=0x000001a41c2e54dc method=org.jacoco.agent.rt.internal_aeaf9ab.asm.ClassReader.readMethod(Lorg/jacoco/agent/rt/internal_aeaf9ab/asm/ClassVisitor;Lorg/jacoco/agent/rt/internal_aeaf9ab/asm/Context;I)I 
Event: 11.807 Thread 0x000001a40a92e070 DEOPT PACKING pc=0x000001a41c2e54dc sp=0x0000004989ef8d50
Event: 11.807 Thread 0x000001a40a92e070 DEOPT UNPACKING pc=0x000001a41b9e46a2 sp=0x0000004989ef8d08 mode 2

Classes loaded (20 events):
Event: 11.202 Loading class java/io/ObjectOutputStream
Event: 11.203 Loading class java/io/ObjectOutput
Event: 11.203 Loading class java/io/ObjectOutput done
Event: 11.203 Loading class java/io/ObjectOutputStream done
Event: 11.304 Loading class java/text/MessageFormat
Event: 11.304 Loading class java/text/MessageFormat done
Event: 11.354 Loading class java/beans/Introspector
Event: 11.356 Loading class java/beans/Introspector done
Event: 11.356 Loading class java/beans/EventSetDescriptor
Event: 11.357 Loading class java/beans/EventSetDescriptor done
Event: 11.357 Loading class java/beans/Introspector$1
Event: 11.357 Loading class jdk/internal/access/JavaBeansAccess
Event: 11.357 Loading class jdk/internal/access/JavaBeansAccess done
Event: 11.358 Loading class java/beans/Introspector$1 done
Event: 11.444 Loading class java/util/concurrent/Executors$AutoShutdownDelegatedExecutorService
Event: 11.444 Loading class java/util/concurrent/Executors$DelegatedExecutorService
Event: 11.445 Loading class java/util/concurrent/Executors$DelegatedExecutorService done
Event: 11.445 Loading class java/util/concurrent/Executors$AutoShutdownDelegatedExecutorService done
Event: 11.642 Loading class javax/naming/Referenceable
Event: 11.643 Loading class javax/naming/Referenceable done

Classes unloaded (0 events):
No events

Classes redefined (0 events):
No events

Internal exceptions (20 events):
Event: 10.701 Thread 0x000001a40a92e070 Exception <a 'java/lang/NoSuchMethodError'{0x0000000088250950}: 'int java.lang.invoke.Invokers$Holder.linkToTargetMethod(java.lang.Object, java.lang.Object, java.lang.Object)'> (0x0000000088250950) 
thrown [s\open\src\hotspot\share\interpreter\linkResolver.cpp, line 774]
Event: 10.741 Thread 0x000001a40a92e070 Implicit null exception at 0x000001a41c0391e5 to 0x000001a41c039384
Event: 10.857 Thread 0x000001a40a92e070 Exception <a 'java/lang/NoClassDefFoundError'{0x0000000087aed868}: org/flywaydb/core/Flyway> (0x0000000087aed868) 
thrown [s\open\src\hotspot\share\classfile\systemDictionary.cpp, line 302]
Event: 10.857 Thread 0x000001a40a92e070 Exception <a 'java/lang/NoClassDefFoundError'{0x0000000087af0038}: liquibase/integration/spring/SpringLiquibase> (0x0000000087af0038) 
thrown [s\open\src\hotspot\share\classfile\systemDictionary.cpp, line 302]
Event: 10.919 Thread 0x000001a40a92e070 Exception <a 'java/lang/NoClassDefFoundError'{0x000000008774a038}: org/jooq/DSLContext> (0x000000008774a038) 
thrown [s\open\src\hotspot\share\classfile\systemDictionary.cpp, line 302]
Event: 10.922 Thread 0x000001a40a92e070 Exception <a 'java/lang/NoClassDefFoundError'{0x00000000877588e0}: org/springframework/batch/core/repository/JobRepository> (0x00000000877588e0) 
thrown [s\open\src\hotspot\share\classfile\systemDictionary.cpp, line 302]
Event: 10.922 Thread 0x000001a40a92e070 Exception <a 'java/lang/NoClassDefFoundError'{0x000000008775ac10}: org/quartz/Scheduler> (0x000000008775ac10) 
thrown [s\open\src\hotspot\share\classfile\systemDictionary.cpp, line 302]
Event: 10.922 Thread 0x000001a40a92e070 Exception <a 'java/lang/NoClassDefFoundError'{0x000000008775d6d0}: org/springframework/session/jdbc/JdbcIndexedSessionRepository> (0x000000008775d6d0) 
thrown [s\open\src\hotspot\share\classfile\systemDictionary.cpp, line 302]
Event: 11.094 Thread 0x000001a40a92e070 Exception <a 'java/lang/NoSuchMethodError'{0x000000008709d3d8}: 'void java.lang.invoke.DirectMethodHandle$Holder.invokeVirtual(java.lang.Object, java.lang.Object, int)'> (0x000000008709d3d8) 
thrown [s\open\src\hotspot\share\interpreter\linkResolver.cpp, line 774]
Event: 11.095 Thread 0x000001a40a92e070 Implicit null exception at 0x000001a41c2975b0 to 0x000001a41c297900
Event: 11.096 Thread 0x000001a40a92e070 Exception <a 'java/lang/NoSuchMethodError'{0x00000000870a1b30}: 'int java.lang.invoke.DirectMethodHandle$Holder.invokeSpecial(java.lang.Object, java.lang.Object, java.lang.Object, int)'> (0x00000000870a1b30) 
thrown [s\open\src\hotspot\share\interpreter\linkResolver.cpp, line 774]
Event: 11.098 Thread 0x000001a40a92e070 Exception <a 'java/lang/NoSuchMethodError'{0x00000000870b6068}: 'java.lang.Object java.lang.invoke.DirectMethodHandle$Holder.invokeStatic(java.lang.Object, java.lang.Object, java.lang.Object, java.lang.Object, int)'> (0x00000000870b6068) 
thrown [s\open\src\hotspot\share\interpreter\linkResolver.cpp, line 774]
Event: 11.099 Thread 0x000001a40a92e070 Exception <a 'java/lang/NoSuchMethodError'{0x00000000870c0ad0}: 'void java.lang.invoke.DelegatingMethodHandle$Holder.reinvoke_L(java.lang.Object, java.lang.Object, int)'> (0x00000000870c0ad0) 
thrown [s\open\src\hotspot\share\interpreter\linkResolver.cpp, line 774]
Event: 11.280 Thread 0x000001a40a92e070 Exception <a 'java/lang/NoSuchMethodError'{0x0000000088b763e0}: 'java.lang.Object java.lang.invoke.DirectMethodHandle$Holder.invokeSpecialIFC(java.lang.Object, java.lang.Object, java.lang.Object)'> (0x0000000088b763e0) 
thrown [s\open\src\hotspot\share\interpreter\linkResolver.cpp, line 774]
Event: 11.349 Thread 0x000001a40a92e070 Implicit null exception at 0x000001a41c298544 to 0x000001a41c299950
Event: 11.349 Thread 0x000001a40a92e070 Implicit null exception at 0x000001a41c2778ad to 0x000001a41c278318
Event: 11.349 Thread 0x000001a40a92e070 Exception <a 'java/lang/NoSuchMethodError'{0x00000000889c9b78}: 'java.lang.reflect.Field[] java.lang.Class.getDeclaredFields(java.lang.Class)'> (0x00000000889c9b78) 
thrown [s\open\src\hotspot\share\interpreter\linkResolver.cpp, line 774]
Event: 11.545 Thread 0x000001a40a92e070 Exception <a 'java/lang/NoSuchMethodError'{0x00000000880fe828}: 'java.lang.Object java.lang.invoke.DirectMethodHandle$Holder.newInvokeSpecial(java.lang.Object, java.lang.Object, java.lang.Object, java.lang.Object, java.lang.Object, java.lang.Object, java.lang.Object, java.lang.Object, java.lang.Object, java.lang.Object, java.lang.Object)'> (0x00000000880fe828) 
thrown [s\open\src\hotspot\share\interpreter\linkResolver.cpp, line 774]
Event: 11.651 Thread 0x000001a40a92e070 Exception <a 'java/lang/NoSuchMethodError'{0x000000008cd6a7b0}: 'java.lang.Object java.lang.invoke.DirectMethodHandle$Holder.invokeVirtual(java.lang.Object, java.lang.Object, java.lang.Object, java.lang.Object, java.lang.Object)'> (0x000000008cd6a7b0) 
thrown [s\open\src\hotspot\share\interpreter\linkResolver.cpp, line 774]
Event: 11.871 Thread 0x000001a40a92e070 Exception <a 'java/lang/NoSuchMethodError'{0x0000000089169588}: 'void java.lang.invoke.DelegatingMethodHandle$Holder.reinvoke_L(java.lang.Object, java.lang.Object, java.lang.Object, java.lang.Object, int, java.lang.Object, java.lang.Object, java.lang.Object)'> (0x0000000089169588) 
thrown [s\open\src\hotspot\share\interpreter\linkResolver.cpp, line 774]

ZGC Phase Switch (0 events):
No events

VM Operations (20 events):
Event: 10.405 Executing VM operation: G1CollectForAllocation (G1 Evacuation Pause)
Event: 10.414 Executing VM operation: G1CollectForAllocation (G1 Evacuation Pause) done
Event: 10.655 Executing VM operation: HandshakeAllThreads (Deoptimize)
Event: 10.655 Executing VM operation: HandshakeAllThreads (Deoptimize) done
Event: 10.818 Executing VM operation: HandshakeAllThreads (Deoptimize)
Event: 10.818 Executing VM operation: HandshakeAllThreads (Deoptimize) done
Event: 10.822 Executing VM operation: HandshakeAllThreads (Deoptimize)
Event: 10.822 Executing VM operation: HandshakeAllThreads (Deoptimize) done
Event: 10.924 Executing VM operation: ICBufferFull
Event: 10.924 Executing VM operation: ICBufferFull done
Event: 11.112 Executing VM operation: G1CollectForAllocation (G1 Evacuation Pause)
Event: 11.126 Executing VM operation: G1CollectForAllocation (G1 Evacuation Pause) done
Event: 11.372 Executing VM operation: HandshakeAllThreads (Deoptimize)
Event: 11.372 Executing VM operation: HandshakeAllThreads (Deoptimize) done
Event: 11.626 Executing VM operation: CollectForMetadataAllocation (Metadata GC Threshold)
Event: 11.636 Executing VM operation: CollectForMetadataAllocation (Metadata GC Threshold) done
Event: 11.658 Executing VM operation: G1PauseRemark
Event: 11.670 Executing VM operation: G1PauseRemark done
Event: 11.684 Executing VM operation: G1PauseCleanup
Event: 11.684 Executing VM operation: G1PauseCleanup done

Memory protections (0 events):
No events

Nmethod flushes (20 events):
Event: 11.669 Thread 0x000001a428fde390 flushing  nmethod 0x000001a4149bdb90
Event: 11.669 Thread 0x000001a428fde390 flushing  nmethod 0x000001a4149bfb90
Event: 11.669 Thread 0x000001a428fde390 flushing  nmethod 0x000001a414a0cd10
Event: 11.669 Thread 0x000001a428fde390 flushing  nmethod 0x000001a414a28f10
Event: 11.669 Thread 0x000001a428fde390 flushing  nmethod 0x000001a414a2b610
Event: 11.669 Thread 0x000001a428fde390 flushing  nmethod 0x000001a414a33f10
Event: 11.669 Thread 0x000001a428fde390 flushing  nmethod 0x000001a414a34290
Event: 11.669 Thread 0x000001a428fde390 flushing  nmethod 0x000001a414a34790
Event: 11.669 Thread 0x000001a428fde390 flushing  nmethod 0x000001a414a35390
Event: 11.669 Thread 0x000001a428fde390 flushing  nmethod 0x000001a414a35710
Event: 11.669 Thread 0x000001a428fde390 flushing  nmethod 0x000001a414a36790
Event: 11.669 Thread 0x000001a428fde390 flushing  nmethod 0x000001a414a37210
Event: 11.669 Thread 0x000001a428fde390 flushing  nmethod 0x000001a414a37610
Event: 11.669 Thread 0x000001a428fde390 flushing  nmethod 0x000001a414a38190
Event: 11.669 Thread 0x000001a428fde390 flushing  nmethod 0x000001a414a43710
Event: 11.669 Thread 0x000001a428fde390 flushing  nmethod 0x000001a414a43d10
Event: 11.669 Thread 0x000001a428fde390 flushing  nmethod 0x000001a414a44110
Event: 11.669 Thread 0x000001a428fde390 flushing  nmethod 0x000001a414a44910
Event: 11.669 Thread 0x000001a428fde390 flushing  nmethod 0x000001a414a44d90
Event: 11.669 Thread 0x000001a428fde390 flushing  nmethod 0x000001a414a45890

Events (20 events):
Event: 0.045 Thread 0x000001a40a92e070 Thread added: 0x000001a429001610
Event: 0.045 Thread 0x000001a40a92e070 Thread added: 0x000001a429001c80
Event: 0.045 Thread 0x000001a40a92e070 Thread added: 0x000001a42902f560
Event: 0.046 Thread 0x000001a40a92e070 Thread added: 0x000001a429030010
Event: 0.066 Thread 0x000001a40a92e070 Thread added: 0x000001a4292097f0
Event: 0.420 Thread 0x000001a40a92e070 Thread added: 0x000001a429b23d70
Event: 0.541 Thread 0x000001a40a92e070 Thread added: 0x000001a46f3b5920
Event: 0.757 Thread 0x000001a40a92e070 Thread added: 0x000001a46f683fb0
Event: 4.952 Thread 0x000001a42902f560 Thread added: 0x000001a4701f6080
Event: 5.148 Thread 0x000001a429030010 Thread added: 0x000001a471277050
Event: 6.033 Thread 0x000001a40a92e070 Thread added: 0x000001a46ffe5770
Event: 7.984 Thread 0x000001a40a92e070 Thread added: 0x000001a471b00470
Event: 8.008 Thread 0x000001a471b00470 Thread exited: 0x000001a471b00470
Event: 8.037 Thread 0x000001a40a92e070 Thread added: 0x000001a471c91b50
Event: 8.038 Thread 0x000001a46ffe5770 Thread exited: 0x000001a46ffe5770
Event: 8.116 Thread 0x000001a471c91b50 Thread exited: 0x000001a471c91b50
Event: 8.532 Thread 0x000001a471277050 Thread exited: 0x000001a471277050
Event: 9.443 Thread 0x000001a429030010 Thread added: 0x000001a4722431c0
Event: 10.628 Thread 0x000001a4722431c0 Thread exited: 0x000001a4722431c0
Event: 11.446 Thread 0x000001a40a92e070 Thread added: 0x000001a46ff393d0


Dynamic libraries:
0x00007ff673620000 - 0x00007ff67362e000 	C:\Users\User\.jdks\openjdk-22.0.2\bin\java.exe
0x00007ffc679f0000 - 0x00007ffc67c07000 	C:\WINDOWS\SYSTEM32\ntdll.dll
0x00007ffc663c0000 - 0x00007ffc66484000 	C:\WINDOWS\System32\KERNEL32.DLL
0x00007ffc65180000 - 0x00007ffc6552d000 	C:\WINDOWS\System32\KERNELBASE.dll
0x00007ffc65530000 - 0x00007ffc65641000 	C:\WINDOWS\System32\ucrtbase.dll
0x00007ffc4dae0000 - 0x00007ffc4daf7000 	C:\Users\User\.jdks\openjdk-22.0.2\bin\jli.dll
0x00007ffc47b30000 - 0x00007ffc47b4b000 	C:\Users\User\.jdks\openjdk-22.0.2\bin\VCRUNTIME140.dll
0x00007ffc66940000 - 0x00007ffc66aee000 	C:\WINDOWS\System32\USER32.dll
0x00007ffc64d10000 - 0x00007ffc64d36000 	C:\WINDOWS\System32\win32u.dll
0x00007ffc66190000 - 0x00007ffc661b9000 	C:\WINDOWS\System32\GDI32.dll
0x00007ffc64dc0000 - 0x00007ffc64ed9000 	C:\WINDOWS\System32\gdi32full.dll
0x00007ffc65680000 - 0x00007ffc6571a000 	C:\WINDOWS\System32\msvcp_win.dll
0x00007ffc487e0000 - 0x00007ffc48a73000 	C:\WINDOWS\WinSxS\amd64_microsoft.windows.common-controls_6595b64144ccf1df_6.0.22621.3672_none_2713b9d173822955\COMCTL32.dll
0x00007ffc677e0000 - 0x00007ffc67887000 	C:\WINDOWS\System32\msvcrt.dll
0x00007ffc675c0000 - 0x00007ffc675f1000 	C:\WINDOWS\System32\IMM32.DLL
0x00007ffc4e0e0000 - 0x00007ffc4e0ec000 	C:\Users\User\.jdks\openjdk-22.0.2\bin\vcruntime140_1.dll
0x00007ffbd45d0000 - 0x00007ffbd465e000 	C:\Users\User\.jdks\openjdk-22.0.2\bin\msvcp140.dll
0x00007ffba9400000 - 0x00007ffbaa149000 	C:\Users\User\.jdks\openjdk-22.0.2\bin\server\jvm.dll
0x00007ffc65bb0000 - 0x00007ffc65c62000 	C:\WINDOWS\System32\ADVAPI32.dll
0x00007ffc66890000 - 0x00007ffc66939000 	C:\WINDOWS\System32\sechost.dll
0x00007ffc65650000 - 0x00007ffc65678000 	C:\WINDOWS\System32\bcrypt.dll
0x00007ffc67890000 - 0x00007ffc679a4000 	C:\WINDOWS\System32\RPCRT4.dll
0x00007ffc65f20000 - 0x00007ffc65f91000 	C:\WINDOWS\System32\WS2_32.dll
0x00007ffc64be0000 - 0x00007ffc64c2d000 	C:\WINDOWS\SYSTEM32\POWRPROF.dll
0x00007ffc51710000 - 0x00007ffc5171a000 	C:\WINDOWS\SYSTEM32\VERSION.dll
0x00007ffc5a690000 - 0x00007ffc5a6c4000 	C:\WINDOWS\SYSTEM32\WINMM.dll
0x00007ffc64bc0000 - 0x00007ffc64bd3000 	C:\WINDOWS\SYSTEM32\UMPDC.dll
0x00007ffc63d60000 - 0x00007ffc63d78000 	C:\WINDOWS\SYSTEM32\kernel.appcore.dll
0x00007ffc4dd40000 - 0x00007ffc4dd4a000 	C:\Users\User\.jdks\openjdk-22.0.2\bin\jimage.dll
0x00007ffc62170000 - 0x00007ffc623a2000 	C:\WINDOWS\SYSTEM32\DBGHELP.DLL
0x00007ffc66490000 - 0x00007ffc6681e000 	C:\WINDOWS\System32\combase.dll
0x00007ffc65fb0000 - 0x00007ffc66087000 	C:\WINDOWS\System32\OLEAUT32.dll
0x00007ffc3e160000 - 0x00007ffc3e192000 	C:\WINDOWS\SYSTEM32\dbgcore.DLL
0x00007ffc64d40000 - 0x00007ffc64dbb000 	C:\WINDOWS\System32\bcryptPrimitives.dll
0x00007ffc46510000 - 0x00007ffc4651f000 	C:\Users\User\.jdks\openjdk-22.0.2\bin\instrument.dll
0x00007ffc337e0000 - 0x00007ffc337fe000 	C:\Users\User\.jdks\openjdk-22.0.2\bin\java.dll
0x00007ffc66b80000 - 0x00007ffc673e7000 	C:\WINDOWS\System32\SHELL32.dll
0x00007ffc65d70000 - 0x00007ffc65f15000 	C:\WINDOWS\System32\ole32.dll
0x00007ffc62c60000 - 0x00007ffc6355f000 	C:\WINDOWS\SYSTEM32\windows.storage.dll
0x00007ffc62b20000 - 0x00007ffc62c5f000 	C:\WINDOWS\SYSTEM32\wintypes.dll
0x00007ffc66090000 - 0x00007ffc66189000 	C:\WINDOWS\System32\SHCORE.dll
0x00007ffc67600000 - 0x00007ffc6765e000 	C:\WINDOWS\System32\shlwapi.dll
0x00007ffc64c40000 - 0x00007ffc64c67000 	C:\WINDOWS\SYSTEM32\profapi.dll
0x00007ffbfe680000 - 0x00007ffbfe757000 	C:\Users\User\.jdks\openjdk-22.0.2\bin\jsvml.dll
0x00007ffc2d4d0000 - 0x00007ffc2d4e7000 	C:\Users\User\.jdks\openjdk-22.0.2\bin\zip.dll
0x00007ffc4dad0000 - 0x00007ffc4dae0000 	C:\Users\User\.jdks\openjdk-22.0.2\bin\net.dll
0x00007ffc641d0000 - 0x00007ffc64239000 	C:\WINDOWS\system32\mswsock.dll
0x00007ffc337c0000 - 0x00007ffc337d6000 	C:\Users\User\.jdks\openjdk-22.0.2\bin\nio.dll
0x00007ffc4d3d0000 - 0x00007ffc4d3e0000 	C:\Users\User\.jdks\openjdk-22.0.2\bin\verify.dll
0x00007ffc374d0000 - 0x00007ffc374e7000 	C:\WINDOWS\system32\napinsp.dll
0x00007ffc374b0000 - 0x00007ffc374cb000 	C:\WINDOWS\system32\pnrpnsp.dll
0x00007ffc63830000 - 0x00007ffc63928000 	C:\WINDOWS\SYSTEM32\DNSAPI.dll
0x00007ffc63800000 - 0x00007ffc6382d000 	C:\WINDOWS\SYSTEM32\IPHLPAPI.DLL
0x00007ffc673f0000 - 0x00007ffc673f9000 	C:\WINDOWS\System32\NSI.dll
0x00007ffc37490000 - 0x00007ffc374a1000 	C:\WINDOWS\System32\winrnr.dll
0x00007ffc59d70000 - 0x00007ffc59d85000 	C:\WINDOWS\system32\wshbth.dll
0x00007ffc37460000 - 0x00007ffc37487000 	C:\WINDOWS\system32\nlansp_c.dll
0x0000000057030000 - 0x0000000057056000 	C:\Program Files\Bonjour\mdnsNSP.dll
0x00007ffc5a5e0000 - 0x00007ffc5a5ea000 	C:\Windows\System32\rasadhlp.dll
0x00007ffc5a470000 - 0x00007ffc5a4f3000 	C:\WINDOWS\System32\fwpuclnt.dll
0x00007ffc413d0000 - 0x00007ffc413da000 	C:\Users\User\.jdks\openjdk-22.0.2\bin\management.dll
0x00007ffc3a6b0000 - 0x00007ffc3a6bb000 	C:\Users\User\.jdks\openjdk-22.0.2\bin\management_ext.dll
0x00007ffc66880000 - 0x00007ffc66888000 	C:\WINDOWS\System32\PSAPI.DLL
0x00007ffc33800000 - 0x00007ffc3380b000 	C:\Users\User\.jdks\openjdk-22.0.2\bin\le.dll
0x00007ffc4a400000 - 0x00007ffc4a40e000 	C:\Users\User\.jdks\openjdk-22.0.2\bin\sunmscapi.dll
0x00007ffc64f50000 - 0x00007ffc650b6000 	C:\WINDOWS\System32\CRYPT32.dll
0x00007ffc645e0000 - 0x00007ffc6460e000 	C:\WINDOWS\SYSTEM32\ncrypt.dll
0x00007ffc645a0000 - 0x00007ffc645d7000 	C:\WINDOWS\SYSTEM32\NTASN1.dll

dbghelp: loaded successfully - version: 4.0.5 - missing functions: none
symbol engine: initialized successfully - sym options: 0x614 - pdb path: .;C:\Users\User\.jdks\openjdk-22.0.2\bin;C:\WINDOWS\SYSTEM32;C:\WINDOWS\WinSxS\amd64_microsoft.windows.common-controls_6595b64144ccf1df_6.0.22621.3672_none_2713b9d173822955;C:\Users\User\.jdks\openjdk-22.0.2\bin\server;C:\Program Files\Bonjour

VM Arguments:
jvm_args: -javaagent:C:\\Users\\User\\.m2\\repository\\org\\jacoco\\org.jacoco.agent\\0.8.12\\org.jacoco.agent-0.8.12-runtime.jar=destfile=C:\\Users\\User\\Desktop\\SOFTWARETESING\\SOFTWARETESTING\\libraryBACKEND\\target\\jacoco.exec 
java_command: C:\Users\User\AppData\Local\Temp\surefire2649354232118681853\surefirebooter16027996740242765056.jar C:\Users\User\AppData\Local\Temp\surefire2649354232118681853 2024-09-28T22-22-29_860-jvmRun1 surefire7674726620595206451tmp surefire_017137481530896107465tmp
java_class_path (initial): C:\Users\User\AppData\Local\Temp\surefire2649354232118681853\surefirebooter16027996740242765056.jar
Launcher Type: SUN_STANDARD

[Global flags]
     intx CICompilerCount                          = 4                                         {product} {ergonomic}
     uint ConcGCThreads                            = 2                                         {product} {ergonomic}
     uint G1ConcRefinementThreads                  = 8                                         {product} {ergonomic}
   size_t G1HeapRegionSize                         = 1048576                                   {product} {ergonomic}
   size_t InitialHeapSize                          = 130023424                                 {product} {ergonomic}
   size_t MarkStackSize                            = 4194304                                   {product} {ergonomic}
   size_t MaxHeapSize                              = 2061500416                                {product} {ergonomic}
   size_t MaxNewSize                               = 1236271104                                {product} {ergonomic}
   size_t MinHeapDeltaBytes                        = 1048576                                   {product} {ergonomic}
   size_t MinHeapSize                              = 8388608                                   {product} {ergonomic}
    uintx NonNMethodCodeHeapSize                   = 5839372                                {pd product} {ergonomic}
    uintx NonProfiledCodeHeapSize                  = 122909434                              {pd product} {ergonomic}
    uintx ProfiledCodeHeapSize                     = 122909434                              {pd product} {ergonomic}
    uintx ReservedCodeCacheSize                    = 251658240                              {pd product} {ergonomic}
     bool SegmentedCodeCache                       = true                                      {product} {ergonomic}
   size_t SoftMaxHeapSize                          = 2061500416                             {manageable} {ergonomic}
     bool UseCompressedOops                        = true                           {product lp64_product} {ergonomic}
     bool UseG1GC                                  = true                                      {product} {ergonomic}
     bool UseLargePagesIndividualAllocation        = false                                  {pd product} {ergonomic}

Logging:
Log output configuration:
 #0: stdout all=warning uptime,level,tags foldmultilines=false
 #1: stderr all=off uptime,level,tags foldmultilines=false

Environment Variables:
PATH=C:\Program Files\Common Files\Oracle\Java\javapath;C:\Program Files\Microsoft\jdk-11.0.16.101-hotspot\bin;C:\Program Files (x86)\Common Files\Oracle\Java\javapath;C:\WINDOWS\system32;C:\WINDOWS;C:\WINDOWS\System32\Wbem;C:\WINDOWS\System32\WindowsPowerShell\v1.0\;C:\WINDOWS\System32\OpenSSH\;C:\MinGW\bin;C:\Program Files (x86)\HP\Common\HPDestPlgIn\;C:\Program Files\Java\jdk1.8.0_341\bin;C:\Program Files\dotnet\;C:\Program Files\nodejs\;C:\Program Files\Git\cmd;C:\Program Files\Docker\Docker\resources\bin;C:\xampp\php;C:\ProgramData\ComposerSetup\bin;C:\apache-maven-3.9.8-bin\apache-maven-3.9.8\bin;C:\Program Files (x86)\Windows Kits\10\Windows Performance Toolkit\;C:\Program Files\MySQL\MySQL Shell 8.0\bin\;C:\Users\User\AppData\Local\Programs\Python\Python312\Scripts\;C:\Users\User\AppData\Local\Programs\Python\Python312\;C:\Users\User\AppData\Local\Programs\Python\Launcher\;C:\Users\User\AppData\Local\Microsoft\WindowsApps;C:\Users\User\AppData\Local\Programs\Microsoft VS Code\bin;C:\Program Files (x86)\HP\Common\HPDestPlgIn\;C:\mg\MinGW\bin;C:\Users\User\AppData\Roaming\npm;C:\flutter\bin;C:\dart-sdk\bin;C:\Users\User\AppData\Roaming\Composer\vendor\bin;C:\Program Files\JetBrains\IntelliJ IDEA 2024.1.4\bin;;C:\Program Files\JetBrains\IntelliJ IDEA Community Edition 2024.2.1\bin;
USERNAME=User
OS=Windows_NT
PROCESSOR_IDENTIFIER=Intel64 Family 6 Model 154 Stepping 4, GenuineIntel
TMP=C:\Users\User\AppData\Local\Temp
TEMP=C:\Users\User\AppData\Local\Temp




Periodic native trim disabled

---------------  S Y S T E M  ---------------

OS:
 Windows 11 , 64 bit Build 22621 (10.0.22621.3958)
OS uptime: 2 days 5:44 hours

CPU: total 8 (initial active 8) (4 cores per cpu, 2 threads per core) family 6 model 154 stepping 4 microcode 0x42c, cx8, cmov, fxsr, ht, mmx, 3dnowpref, sse, sse2, sse3, ssse3, sse4.1, sse4.2, popcnt, lzcnt, tsc, tscinvbit, avx, avx2, aes, erms, clmul, bmi1, bmi2, adx, sha, fma, vzeroupper, clflush, clflushopt, clwb, serialize, rdtscp, rdpid, fsrm, f16c, pku, cet_ibt, cet_ss
Processor Information for processor 0
  Max Mhz: 1200, Current Mhz: 1200, Mhz Limit: 1200
Processor Information for processor 1
  Max Mhz: 1200, Current Mhz: 1200, Mhz Limit: 1200
Processor Information for processor 2
  Max Mhz: 1200, Current Mhz: 1200, Mhz Limit: 1200
Processor Information for processor 3
  Max Mhz: 1200, Current Mhz: 1200, Mhz Limit: 1200
Processor Information for processor 4
  Max Mhz: 1200, Current Mhz: 900, Mhz Limit: 900
Processor Information for processor 5
  Max Mhz: 1200, Current Mhz: 900, Mhz Limit: 900
Processor Information for processor 6
  Max Mhz: 1200, Current Mhz: 900, Mhz Limit: 900
Processor Information for processor 7
  Max Mhz: 1200, Current Mhz: 900, Mhz Limit: 900

Memory: 4k page, system-wide physical 7863M (487M free)
TotalPageFile size 30722M (AvailPageFile size 3M)
current process WorkingSet (physical memory assigned to process): 229M, peak: 229M
current process commit charge ("private bytes"): 267M, peak: 291M

vm_info: OpenJDK 64-Bit Server VM (22.0.2+9-70) for windows-amd64 JRE (22.0.2+9-70), built on 2024-06-04T16:52:23Z by "mach5one" with MS VC++ 17.6 (VS2022)

END.
