#
# There is insufficient memory for the Java Runtime Environment to continue.
# Native memory allocation (malloc) failed to allocate 1066416 bytes. Error detail: Chunk::new
# Possible reasons:
#   The system is out of physical RAM or swap space
#   This process is running with CompressedOops enabled, and the Java Heap may be blocking the growth of the native heap
# Possible solutions:
#   Reduce memory load on the system
#   Increase physical memory or swap space
#   Check if swap backing store is full
#   Decrease Java heap size (-Xmx/-Xms)
#   Decrease number of Java threads
#   Decrease Java thread stack sizes (-Xss)
#   Set larger code cache with -XX:ReservedCodeCacheSize=
#   JVM is running with Unscaled Compressed Oops mode in which the Java heap is
#     placed in the first 4GB address space. The Java Heap base address is the
#     maximum limit for the native heap growth. Please use -XX:HeapBaseMinAddress
#     to set the Java Heap base and to place the Java Heap above 4GB virtual address.
# This output file may be truncated or incomplete.
#
#  Out of Memory Error (arena.cpp:150), pid=23936, tid=23176
#
# JRE version: OpenJDK Runtime Environment (22.0.2+9) (build 22.0.2+9-70)
# Java VM: OpenJDK 64-Bit Server VM (22.0.2+9-70, mixed mode, sharing, tiered, compressed oops, compressed class ptrs, g1 gc, windows-amd64)
# No core dump will be written. Minidumps are not enabled by default on client versions of Windows
#

---------------  S U M M A R Y ------------

Command Line: -javaagent:C:\\Users\\User\\.m2\\repository\\org\\jacoco\\org.jacoco.agent\\0.8.12\\org.jacoco.agent-0.8.12-runtime.jar=destfile=C:\\Users\\User\\Desktop\\SOFTWARETESING\\SOFTWARETESTING\\libraryBACKEND\\target\\jacoco.exec C:\Users\User\AppData\Local\Temp\surefire5515854931532349871\surefirebooter13559751384932727411.jar C:\Users\User\AppData\Local\Temp\surefire5515854931532349871 2024-09-28T22-15-08_773-jvmRun1 surefire12912208404439384497tmp surefire_015698702694508774816tmp

Host: 12th Gen Intel(R) Core(TM) i3-1215U, 8 cores, 7G,  Windows 11 , 64 bit Build 22621 (10.0.22621.3958)
Time: Sat Sep 28 22:15:45 2024 Sri Lanka Standard Time elapsed time: 36.550705 seconds (0d 0h 0m 36s)

---------------  T H R E A D  ---------------

Current thread (0x000001685b2b54f0):  JavaThread "C2 CompilerThread0" daemon [_thread_in_native, id=23176, stack(0x0000003c7d600000,0x0000003c7d700000) (1024K)]


Current CompileTask:
C2:36550 14322   !   4       java.util.concurrent.ConcurrentHashMap::transfer (849 bytes)

Stack: [0x0000003c7d600000,0x0000003c7d700000]
Native frames: (J=compiled Java code, j=interpreted, Vv=VM code, C=native code)
V  [jvm.dll+0x6e26e9]  (no source info available)
V  [jvm.dll+0x875753]  (no source info available)
V  [jvm.dll+0x877b7e]  (no source info available)
V  [jvm.dll+0x878253]  (no source info available)
V  [jvm.dll+0x27fc86]  (no source info available)
V  [jvm.dll+0xc3d0f]  (no source info available)
V  [jvm.dll+0xc3f6b]  (no source info available)
V  [jvm.dll+0x3bb442]  (no source info available)
V  [jvm.dll+0x387d4b]  (no source info available)
V  [jvm.dll+0x3871ba]  (no source info available)
V  [jvm.dll+0x2477f8]  (no source info available)
V  [jvm.dll+0x246e9f]  (no source info available)
V  [jvm.dll+0x1c4e80]  (no source info available)
V  [jvm.dll+0x2568f3]  (no source info available)
V  [jvm.dll+0x254baa]  (no source info available)
V  [jvm.dll+0x3f57a6]  (no source info available)
V  [jvm.dll+0x81dc0b]  (no source info available)
V  [jvm.dll+0x6e0d85]  (no source info available)
C  [ucrtbase.dll+0x29333]  (no source info available)
C  [KERNEL32.DLL+0x1257d]  (no source info available)
C  [ntdll.dll+0x5af28]  (no source info available)


---------------  P R O C E S S  ---------------

Threads class SMR info:
_java_thread_list=0x00000168a5ca7c60, length=26, elements={
0x000001683eb4ec70, 0x000001685b292760, 0x000001685b293480, 0x000001685b29b880,
0x000001685b29d2f0, 0x000001685b2a1d70, 0x000001685b2a2fe0, 0x000001685b2b54f0,
0x000001685b3e02a0, 0x000001685b4dbf10, 0x000001685be6a7e0, 0x00000168a1848270,
0x00000168a18e94e0, 0x00000168a1d883f0, 0x00000168a27ed480, 0x00000168a1bcaf80,
0x00000168a1bc6750, 0x00000168a1bc6de0, 0x00000168a1bc7470, 0x00000168a1bc53a0,
0x00000168a1bcc9c0, 0x00000168a1bc5a30, 0x00000168a1bc7b00, 0x00000168a1bc8820,
0x00000168a1bc8eb0, 0x00000168a5b5f3e0
}

Java Threads: ( => current thread )
  0x000001683eb4ec70 JavaThread "Forwarding newSession on session null to remote"        [_thread_in_vm, id=26972, stack(0x0000003c7c800000,0x0000003c7c900000) (1024K)]
  0x000001685b292760 JavaThread "Reference Handler"          daemon [_thread_blocked, id=4244, stack(0x0000003c7d000000,0x0000003c7d100000) (1024K)]
  0x000001685b293480 JavaThread "Finalizer"                  daemon [_thread_blocked, id=26492, stack(0x0000003c7d100000,0x0000003c7d200000) (1024K)]
  0x000001685b29b880 JavaThread "Signal Dispatcher"          daemon [_thread_blocked, id=30200, stack(0x0000003c7d200000,0x0000003c7d300000) (1024K)]
  0x000001685b29d2f0 JavaThread "Attach Listener"            daemon [_thread_blocked, id=34228, stack(0x0000003c7d300000,0x0000003c7d400000) (1024K)]
  0x000001685b2a1d70 JavaThread "Service Thread"             daemon [_thread_blocked, id=14136, stack(0x0000003c7d400000,0x0000003c7d500000) (1024K)]
  0x000001685b2a2fe0 JavaThread "Monitor Deflation Thread"   daemon [_thread_blocked, id=32020, stack(0x0000003c7d500000,0x0000003c7d600000) (1024K)]
=>0x000001685b2b54f0 JavaThread "C2 CompilerThread0"         daemon [_thread_in_native, id=23176, stack(0x0000003c7d600000,0x0000003c7d700000) (1024K)]
  0x000001685b3e02a0 JavaThread "C1 CompilerThread0"         daemon [_thread_blocked, id=25248, stack(0x0000003c7d700000,0x0000003c7d800000) (1024K)]
  0x000001685b4dbf10 JavaThread "Common-Cleaner"             daemon [_thread_blocked, id=34160, stack(0x0000003c7d800000,0x0000003c7d900000) (1024K)]
  0x000001685be6a7e0 JavaThread "Notification Thread"        daemon [_thread_blocked, id=30300, stack(0x0000003c7d900000,0x0000003c7da00000) (1024K)]
  0x00000168a1848270 JavaThread "surefire-forkedjvm-command-thread" daemon [_thread_in_native, id=9836, stack(0x0000003c7da00000,0x0000003c7db00000) (1024K)]
  0x00000168a18e94e0 JavaThread "surefire-forkedjvm-ping-30s" daemon [_thread_in_native, id=34692, stack(0x0000003c7db00000,0x0000003c7dc00000) (1024K)]
  0x00000168a1d883f0 JavaThread "mysql-cj-abandoned-connection-cleanup" daemon [_thread_blocked, id=30888, stack(0x0000003c7e400000,0x0000003c7e500000) (1024K)]
  0x00000168a27ed480 JavaThread "HikariPool-1 housekeeper"   daemon [_thread_blocked, id=6528, stack(0x0000003c7e700000,0x0000003c7e800000) (1024K)]
  0x00000168a1bcaf80 JavaThread "ForkJoinPool.commonPool-worker-1" daemon [_thread_blocked, id=12760, stack(0x0000003c7eb00000,0x0000003c7ec00000) (1024K)]
  0x00000168a1bc6750 JavaThread "HttpClient-1-SelectorManager" daemon [_thread_in_native, id=21080, stack(0x0000003c7ec00000,0x0000003c7ed00000) (1024K)]
  0x00000168a1bc6de0 JavaThread "External Process Output Forwarder - C:\Users\User\.cache\selenium\chromedriver\win64\129.0.6668.70\chromedriver.exe" daemon [_thread_in_native, id=10288, stack(0x0000003c7e200000,0x0000003c7e300000) (1024K)]
  0x00000168a1bc7470 JavaThread "Driver Service Executor"    daemon [_thread_blocked, id=32804, stack(0x0000003c7e800000,0x0000003c7e900000) (1024K)]
  0x00000168a1bc53a0 JavaThread "Driver Service Executor"    daemon [_thread_in_native, id=15160, stack(0x0000003c7ed00000,0x0000003c7ee00000) (1024K)]
  0x00000168a1bcc9c0 JavaThread "UrlChecker-2"               daemon [_thread_blocked, id=30012, stack(0x0000003c7ee00000,0x0000003c7ef00000) (1024K)]
  0x00000168a1bc5a30 JavaThread "Keep-Alive-Timer"           daemon [_thread_blocked, id=34468, stack(0x0000003c7ef00000,0x0000003c7f000000) (1024K)]
  0x00000168a1bc7b00 JavaThread "JdkHttpClient-0-0"          daemon [_thread_blocked, id=31528, stack(0x0000003c7f200000,0x0000003c7f300000) (1024K)]
  0x00000168a1bc8820 JavaThread "JdkHttpClient-0-1"          daemon [_thread_blocked, id=24908, stack(0x0000003c7f300000,0x0000003c7f400000) (1024K)]
  0x00000168a1bc8eb0 JavaThread "JdkHttpClient-0-2"          daemon [_thread_blocked, id=6716, stack(0x0000003c7f400000,0x0000003c7f500000) (1024K)]
  0x00000168a5b5f3e0 JavaThread "C2 CompilerThread1"         daemon [_thread_in_native, id=33248, stack(0x0000003c7f000000,0x0000003c7f100000) (1024K)]
Total: 26

Other Threads:
  0x000001685b278310 VMThread "VM Thread"                           [id=23976, stack(0x0000003c7cf00000,0x0000003c7d000000) (1024K)]
  0x000001685b25ea80 WatcherThread "VM Periodic Task Thread"        [id=30992, stack(0x0000003c7ce00000,0x0000003c7cf00000) (1024K)]
  0x000001683eba4900 WorkerThread "GC Thread#0"                     [id=18296, stack(0x0000003c7c900000,0x0000003c7ca00000) (1024K)]
  0x00000168a18f8ac0 WorkerThread "GC Thread#1"                     [id=2168, stack(0x0000003c7dc00000,0x0000003c7dd00000) (1024K)]
  0x00000168a1929a60 WorkerThread "GC Thread#2"                     [id=26068, stack(0x0000003c7dd00000,0x0000003c7de00000) (1024K)]
  0x00000168a192be20 WorkerThread "GC Thread#3"                     [id=31004, stack(0x0000003c7de00000,0x0000003c7df00000) (1024K)]
  0x00000168a192c1d0 WorkerThread "GC Thread#4"                     [id=23412, stack(0x0000003c7df00000,0x0000003c7e000000) (1024K)]
  0x00000168a192cfa0 WorkerThread "GC Thread#5"                     [id=23620, stack(0x0000003c7e000000,0x0000003c7e100000) (1024K)]
  0x00000168a192d350 WorkerThread "GC Thread#6"                     [id=34396, stack(0x0000003c7e100000,0x0000003c7e200000) (1024K)]
  0x00000168a1cfcbd0 WorkerThread "GC Thread#7"                     [id=9028, stack(0x0000003c7e300000,0x0000003c7e400000) (1024K)]
  0x000001683ebb4f70 ConcurrentGCThread "G1 Main Marker"            [id=15536, stack(0x0000003c7ca00000,0x0000003c7cb00000) (1024K)]
  0x000001683ebb5990 WorkerThread "G1 Conc#0"                       [id=33256, stack(0x0000003c7cb00000,0x0000003c7cc00000) (1024K)]
  0x00000168a2adf6e0 WorkerThread "G1 Conc#1"                       [id=30544, stack(0x0000003c7e500000,0x0000003c7e600000) (1024K)]
  0x000001685b12dae0 ConcurrentGCThread "G1 Refine#0"               [id=34040, stack(0x0000003c7cc00000,0x0000003c7cd00000) (1024K)]
  0x000001685b12e570 ConcurrentGCThread "G1 Service"                [id=27992, stack(0x0000003c7cd00000,0x0000003c7ce00000) (1024K)]
Total: 15

Threads with active compile tasks:
C2 CompilerThread0  36679 14322   !   4       java.util.concurrent.ConcurrentHashMap::transfer (849 bytes)
C2 CompilerThread1  36679 14334       4       sun.net.www.protocol.jar.Handler::parseURL (173 bytes)
Total: 2

VM state: not at safepoint (normal execution)

VM Mutex/Monitor currently owned by a thread:  ([mutex/lock_event])
[0x00007ffbaa06ab00] Metaspace_lock - owner thread: 0x000001683eb4ec70

Heap address: 0x0000000085200000, size: 1966 MB, Compressed Oops mode: 32-bit

CDS archive(s) mapped at: [0x000001685c000000-0x000001685cc60000-0x000001685cc60000), size 12976128, SharedBaseAddress: 0x000001685c000000, ArchiveRelocationMode: 1.
Compressed class space mapped at: 0x000001685d000000-0x000001689d000000, reserved size: 1073741824
Narrow klass base: 0x000001685c000000, Narrow klass shift: 0, Narrow klass range: 0x41000000

GC Precious Log:
 CardTable entry size: 512
 Card Set container configuration: InlinePtr #cards 5 size 8 Array Of Cards #cards 12 size 40 Howl #buckets 4 coarsen threshold 1843 Howl Bitmap #cards 512 size 80 coarsen threshold 460 Card regions per heap region 1 cards per card region 2048
 CPUs: 8 total, 8 available
 Memory: 7863M
 Large Page Support: Disabled
 NUMA Support: Disabled
 Compressed Oops: Enabled (32-bit)
 Heap Region Size: 1M
 Heap Min Capacity: 8M
 Heap Initial Capacity: 124M
 Heap Max Capacity: 1966M
 Pre-touch: Disabled
 Parallel Workers: 8
 Concurrent Workers: 2
 Concurrent Refinement Workers: 8
 Periodic GC: Disabled

Heap:
 garbage-first heap   total reserved 2013184K, committed 143360K, used 71623K [0x0000000085200000, 0x0000000100000000)
  region size 1024K, 34 young (34816K), 10 survivors (10240K)
 Metaspace       used 94995K, committed 95808K, reserved 1179648K
  class space    used 11899K, committed 12224K, reserved 1048576K

Heap Regions: E=young(eden), S=young(survivor), O=old, HS=humongous(starts), HC=humongous(continues), CS=collection set, F=free, TAMS=top-at-mark-start, PB=parsable bottom
|   0|0x0000000085200000, 0x0000000085300000, 0x0000000085300000|100%|HS|  |TAMS 0x0000000085200000| PB 0x0000000085200000| Complete |  0
|   1|0x0000000085300000, 0x0000000085400000, 0x0000000085400000|100%|HS|  |TAMS 0x0000000085300000| PB 0x0000000085300000| Complete |  0
|   2|0x0000000085400000, 0x0000000085500000, 0x0000000085500000|100%| O|  |TAMS 0x0000000085400000| PB 0x0000000085400000| Untracked |  0
|   3|0x0000000085500000, 0x0000000085600000, 0x0000000085600000|100%| O|  |TAMS 0x0000000085500000| PB 0x0000000085500000| Untracked |  0
|   4|0x0000000085600000, 0x0000000085700000, 0x0000000085700000|100%| O|  |TAMS 0x0000000085600000| PB 0x0000000085600000| Untracked |  0
|   5|0x0000000085700000, 0x0000000085800000, 0x0000000085800000|100%| O|  |TAMS 0x0000000085700000| PB 0x0000000085700000| Untracked |  0
|   6|0x0000000085800000, 0x0000000085900000, 0x0000000085900000|100%| O|  |TAMS 0x0000000085800000| PB 0x0000000085800000| Untracked |  0
|   7|0x0000000085900000, 0x0000000085a00000, 0x0000000085a00000|100%| O|  |TAMS 0x0000000085900000| PB 0x0000000085900000| Untracked |  0
|   8|0x0000000085a00000, 0x0000000085b00000, 0x0000000085b00000|100%| O|  |TAMS 0x0000000085a00000| PB 0x0000000085a00000| Untracked |  0
|   9|0x0000000085b00000, 0x0000000085c00000, 0x0000000085c00000|100%| O|  |TAMS 0x0000000085b00000| PB 0x0000000085b00000| Untracked |  0
|  10|0x0000000085c00000, 0x0000000085d00000, 0x0000000085d00000|100%| O|  |TAMS 0x0000000085c00000| PB 0x0000000085c00000| Untracked |  0
|  11|0x0000000085d00000, 0x0000000085e00000, 0x0000000085e00000|100%| O|  |TAMS 0x0000000085d00000| PB 0x0000000085d00000| Untracked |  0
|  12|0x0000000085e00000, 0x0000000085f00000, 0x0000000085f00000|100%| O|  |TAMS 0x0000000085e00000| PB 0x0000000085e00000| Untracked |  0
|  13|0x0000000085f00000, 0x0000000086000000, 0x0000000086000000|100%| O|  |TAMS 0x0000000085f00000| PB 0x0000000085f00000| Untracked |  0
|  14|0x0000000086000000, 0x0000000086100000, 0x0000000086100000|100%| O|  |TAMS 0x0000000086000000| PB 0x0000000086000000| Untracked |  0
|  15|0x0000000086100000, 0x0000000086200000, 0x0000000086200000|100%| O|  |TAMS 0x0000000086100000| PB 0x0000000086100000| Untracked |  0
|  16|0x0000000086200000, 0x0000000086300000, 0x0000000086300000|100%| O|  |TAMS 0x0000000086200000| PB 0x0000000086200000| Untracked |  0
|  17|0x0000000086300000, 0x0000000086400000, 0x0000000086400000|100%| O|  |TAMS 0x0000000086300000| PB 0x0000000086300000| Untracked |  0
|  18|0x0000000086400000, 0x0000000086500000, 0x0000000086500000|100%| O|  |TAMS 0x0000000086400000| PB 0x0000000086400000| Untracked |  0
|  19|0x0000000086500000, 0x0000000086600000, 0x0000000086600000|100%| O|  |TAMS 0x0000000086500000| PB 0x0000000086500000| Untracked |  0
|  20|0x0000000086600000, 0x0000000086700000, 0x0000000086700000|100%| O|  |TAMS 0x0000000086600000| PB 0x0000000086600000| Untracked |  0
|  21|0x0000000086700000, 0x0000000086800000, 0x0000000086800000|100%| O|  |TAMS 0x0000000086700000| PB 0x0000000086700000| Untracked |  0
|  22|0x0000000086800000, 0x0000000086900000, 0x0000000086900000|100%| O|  |TAMS 0x0000000086800000| PB 0x0000000086800000| Untracked |  0
|  23|0x0000000086900000, 0x0000000086a00000, 0x0000000086a00000|100%| O|  |TAMS 0x0000000086900000| PB 0x0000000086900000| Untracked |  0
|  24|0x0000000086a00000, 0x0000000086b00000, 0x0000000086b00000|100%| O|  |TAMS 0x0000000086a00000| PB 0x0000000086a00000| Untracked |  0
|  25|0x0000000086b00000, 0x0000000086c00000, 0x0000000086c00000|100%| O|  |TAMS 0x0000000086b00000| PB 0x0000000086b00000| Untracked |  0
|  26|0x0000000086c00000, 0x0000000086d00000, 0x0000000086d00000|100%| O|  |TAMS 0x0000000086c00000| PB 0x0000000086c00000| Untracked |  0
|  27|0x0000000086d00000, 0x0000000086e00000, 0x0000000086e00000|100%| O|  |TAMS 0x0000000086d00000| PB 0x0000000086d00000| Untracked |  0
|  28|0x0000000086e00000, 0x0000000086f00000, 0x0000000086f00000|100%| O|  |TAMS 0x0000000086e00000| PB 0x0000000086e00000| Untracked |  0
|  29|0x0000000086f00000, 0x0000000087000000, 0x0000000087000000|100%| O|  |TAMS 0x0000000086f00000| PB 0x0000000086f00000| Untracked |  0
|  30|0x0000000087000000, 0x0000000087100000, 0x0000000087100000|100%| O|  |TAMS 0x0000000087000000| PB 0x0000000087000000| Untracked |  0
|  31|0x0000000087100000, 0x0000000087200000, 0x0000000087200000|100%| O|  |TAMS 0x0000000087100000| PB 0x0000000087100000| Untracked |  0
|  32|0x0000000087200000, 0x0000000087300000, 0x0000000087300000|100%| O|  |TAMS 0x0000000087200000| PB 0x0000000087200000| Untracked |  0
|  33|0x0000000087300000, 0x0000000087400000, 0x0000000087400000|100%| O|  |TAMS 0x0000000087300000| PB 0x0000000087300000| Untracked |  0
|  34|0x0000000087400000, 0x0000000087500000, 0x0000000087500000|100%| O|  |TAMS 0x0000000087400000| PB 0x0000000087400000| Untracked |  0
|  35|0x0000000087500000, 0x0000000087600000, 0x0000000087600000|100%| O|  |TAMS 0x0000000087500000| PB 0x0000000087500000| Untracked |  0
|  36|0x0000000087600000, 0x00000000876f1ec0, 0x0000000087700000| 94%| O|  |TAMS 0x0000000087600000| PB 0x0000000087600000| Untracked |  0
|  37|0x0000000087700000, 0x0000000087700000, 0x0000000087800000|  0%| F|  |TAMS 0x0000000087700000| PB 0x0000000087700000| Untracked |  0
|  38|0x0000000087800000, 0x0000000087800000, 0x0000000087900000|  0%| F|  |TAMS 0x0000000087800000| PB 0x0000000087800000| Untracked |  0
|  39|0x0000000087900000, 0x0000000087900000, 0x0000000087a00000|  0%| F|  |TAMS 0x0000000087900000| PB 0x0000000087900000| Untracked |  0
|  40|0x0000000087a00000, 0x0000000087a00000, 0x0000000087b00000|  0%| F|  |TAMS 0x0000000087a00000| PB 0x0000000087a00000| Untracked |  0
|  41|0x0000000087b00000, 0x0000000087b00000, 0x0000000087c00000|  0%| F|  |TAMS 0x0000000087b00000| PB 0x0000000087b00000| Untracked |  0
|  42|0x0000000087c00000, 0x0000000087c00000, 0x0000000087d00000|  0%| F|  |TAMS 0x0000000087c00000| PB 0x0000000087c00000| Untracked |  0
|  43|0x0000000087d00000, 0x0000000087d00000, 0x0000000087e00000|  0%| F|  |TAMS 0x0000000087d00000| PB 0x0000000087d00000| Untracked |  0
|  44|0x0000000087e00000, 0x0000000087e00000, 0x0000000087f00000|  0%| F|  |TAMS 0x0000000087e00000| PB 0x0000000087e00000| Untracked |  0
|  45|0x0000000087f00000, 0x0000000087f00000, 0x0000000088000000|  0%| F|  |TAMS 0x0000000087f00000| PB 0x0000000087f00000| Untracked |  0
|  46|0x0000000088000000, 0x0000000088100000, 0x0000000088100000|100%| S|CS|TAMS 0x0000000088000000| PB 0x0000000088000000| Complete |  0
|  47|0x0000000088100000, 0x0000000088200000, 0x0000000088200000|100%| S|CS|TAMS 0x0000000088100000| PB 0x0000000088100000| Complete |  0
|  48|0x0000000088200000, 0x0000000088300000, 0x0000000088300000|100%| S|CS|TAMS 0x0000000088200000| PB 0x0000000088200000| Complete |  0
|  49|0x0000000088300000, 0x0000000088400000, 0x0000000088400000|100%| S|CS|TAMS 0x0000000088300000| PB 0x0000000088300000| Complete |  0
|  50|0x0000000088400000, 0x0000000088500000, 0x0000000088500000|100%| S|CS|TAMS 0x0000000088400000| PB 0x0000000088400000| Complete |  0
|  51|0x0000000088500000, 0x0000000088500000, 0x0000000088600000|  0%| F|  |TAMS 0x0000000088500000| PB 0x0000000088500000| Untracked |  0
|  52|0x0000000088600000, 0x0000000088600000, 0x0000000088700000|  0%| F|  |TAMS 0x0000000088600000| PB 0x0000000088600000| Untracked |  0
|  53|0x0000000088700000, 0x0000000088700000, 0x0000000088800000|  0%| F|  |TAMS 0x0000000088700000| PB 0x0000000088700000| Untracked |  0
|  54|0x0000000088800000, 0x0000000088800000, 0x0000000088900000|  0%| F|  |TAMS 0x0000000088800000| PB 0x0000000088800000| Untracked |  0
|  55|0x0000000088900000, 0x0000000088900000, 0x0000000088a00000|  0%| F|  |TAMS 0x0000000088900000| PB 0x0000000088900000| Untracked |  0
|  56|0x0000000088a00000, 0x0000000088b00000, 0x0000000088b00000|100%| S|CS|TAMS 0x0000000088a00000| PB 0x0000000088a00000| Complete |  0
|  57|0x0000000088b00000, 0x0000000088c00000, 0x0000000088c00000|100%| S|CS|TAMS 0x0000000088b00000| PB 0x0000000088b00000| Complete |  0
|  58|0x0000000088c00000, 0x0000000088d00000, 0x0000000088d00000|100%| S|CS|TAMS 0x0000000088c00000| PB 0x0000000088c00000| Complete |  0
|  59|0x0000000088d00000, 0x0000000088e00000, 0x0000000088e00000|100%| S|CS|TAMS 0x0000000088d00000| PB 0x0000000088d00000| Complete |  0
|  60|0x0000000088e00000, 0x0000000088f00000, 0x0000000088f00000|100%| S|CS|TAMS 0x0000000088e00000| PB 0x0000000088e00000| Complete |  0
|  61|0x0000000088f00000, 0x0000000088f00000, 0x0000000089000000|  0%| F|  |TAMS 0x0000000088f00000| PB 0x0000000088f00000| Untracked |  0
|  62|0x0000000089000000, 0x0000000089000000, 0x0000000089100000|  0%| F|  |TAMS 0x0000000089000000| PB 0x0000000089000000| Untracked |  0
|  63|0x0000000089100000, 0x0000000089100000, 0x0000000089200000|  0%| F|  |TAMS 0x0000000089100000| PB 0x0000000089100000| Untracked |  0
|  64|0x0000000089200000, 0x0000000089200000, 0x0000000089300000|  0%| F|  |TAMS 0x0000000089200000| PB 0x0000000089200000| Untracked |  0
|  65|0x0000000089300000, 0x0000000089300000, 0x0000000089400000|  0%| F|  |TAMS 0x0000000089300000| PB 0x0000000089300000| Untracked |  0
|  66|0x0000000089400000, 0x0000000089400000, 0x0000000089500000|  0%| F|  |TAMS 0x0000000089400000| PB 0x0000000089400000| Untracked |  0
|  67|0x0000000089500000, 0x0000000089500000, 0x0000000089600000|  0%| F|  |TAMS 0x0000000089500000| PB 0x0000000089500000| Untracked |  0
|  68|0x0000000089600000, 0x0000000089600000, 0x0000000089700000|  0%| F|  |TAMS 0x0000000089600000| PB 0x0000000089600000| Untracked |  0
|  69|0x0000000089700000, 0x0000000089700000, 0x0000000089800000|  0%| F|  |TAMS 0x0000000089700000| PB 0x0000000089700000| Untracked |  0
|  70|0x0000000089800000, 0x0000000089800000, 0x0000000089900000|  0%| F|  |TAMS 0x0000000089800000| PB 0x0000000089800000| Untracked |  0
|  71|0x0000000089900000, 0x0000000089900000, 0x0000000089a00000|  0%| F|  |TAMS 0x0000000089900000| PB 0x0000000089900000| Untracked |  0
|  72|0x0000000089a00000, 0x0000000089a00000, 0x0000000089b00000|  0%| F|  |TAMS 0x0000000089a00000| PB 0x0000000089a00000| Untracked |  0
|  73|0x0000000089b00000, 0x0000000089b00000, 0x0000000089c00000|  0%| F|  |TAMS 0x0000000089b00000| PB 0x0000000089b00000| Untracked |  0
|  74|0x0000000089c00000, 0x0000000089c00000, 0x0000000089d00000|  0%| F|  |TAMS 0x0000000089c00000| PB 0x0000000089c00000| Untracked |  0
|  75|0x0000000089d00000, 0x0000000089d00000, 0x0000000089e00000|  0%| F|  |TAMS 0x0000000089d00000| PB 0x0000000089d00000| Untracked |  0
|  76|0x0000000089e00000, 0x0000000089e00000, 0x0000000089f00000|  0%| F|  |TAMS 0x0000000089e00000| PB 0x0000000089e00000| Untracked |  0
|  77|0x0000000089f00000, 0x0000000089f00000, 0x000000008a000000|  0%| F|  |TAMS 0x0000000089f00000| PB 0x0000000089f00000| Untracked |  0
|  78|0x000000008a000000, 0x000000008a000000, 0x000000008a100000|  0%| F|  |TAMS 0x000000008a000000| PB 0x000000008a000000| Untracked |  0
|  79|0x000000008a100000, 0x000000008a100000, 0x000000008a200000|  0%| F|  |TAMS 0x000000008a100000| PB 0x000000008a100000| Untracked |  0
|  80|0x000000008a200000, 0x000000008a200000, 0x000000008a300000|  0%| F|  |TAMS 0x000000008a200000| PB 0x000000008a200000| Untracked |  0
|  81|0x000000008a300000, 0x000000008a300000, 0x000000008a400000|  0%| F|  |TAMS 0x000000008a300000| PB 0x000000008a300000| Untracked |  0
|  82|0x000000008a400000, 0x000000008a400000, 0x000000008a500000|  0%| F|  |TAMS 0x000000008a400000| PB 0x000000008a400000| Untracked |  0
|  83|0x000000008a500000, 0x000000008a500000, 0x000000008a600000|  0%| F|  |TAMS 0x000000008a500000| PB 0x000000008a500000| Untracked |  0
|  84|0x000000008a600000, 0x000000008a600000, 0x000000008a700000|  0%| F|  |TAMS 0x000000008a600000| PB 0x000000008a600000| Untracked |  0
|  85|0x000000008a700000, 0x000000008a700000, 0x000000008a800000|  0%| F|  |TAMS 0x000000008a700000| PB 0x000000008a700000| Untracked |  0
|  86|0x000000008a800000, 0x000000008a800000, 0x000000008a900000|  0%| F|  |TAMS 0x000000008a800000| PB 0x000000008a800000| Untracked |  0
|  87|0x000000008a900000, 0x000000008a900000, 0x000000008aa00000|  0%| F|  |TAMS 0x000000008a900000| PB 0x000000008a900000| Untracked |  0
|  88|0x000000008aa00000, 0x000000008aa00000, 0x000000008ab00000|  0%| F|  |TAMS 0x000000008aa00000| PB 0x000000008aa00000| Untracked |  0
|  89|0x000000008ab00000, 0x000000008ab00000, 0x000000008ac00000|  0%| F|  |TAMS 0x000000008ab00000| PB 0x000000008ab00000| Untracked |  0
|  90|0x000000008ac00000, 0x000000008ac00000, 0x000000008ad00000|  0%| F|  |TAMS 0x000000008ac00000| PB 0x000000008ac00000| Untracked |  0
|  91|0x000000008ad00000, 0x000000008ad00000, 0x000000008ae00000|  0%| F|  |TAMS 0x000000008ad00000| PB 0x000000008ad00000| Untracked |  0
|  92|0x000000008ae00000, 0x000000008ae00000, 0x000000008af00000|  0%| F|  |TAMS 0x000000008ae00000| PB 0x000000008ae00000| Untracked |  0
|  93|0x000000008af00000, 0x000000008af00000, 0x000000008b000000|  0%| F|  |TAMS 0x000000008af00000| PB 0x000000008af00000| Untracked |  0
|  94|0x000000008b000000, 0x000000008b000000, 0x000000008b100000|  0%| F|  |TAMS 0x000000008b000000| PB 0x000000008b000000| Untracked |  0
|  95|0x000000008b100000, 0x000000008b100000, 0x000000008b200000|  0%| F|  |TAMS 0x000000008b100000| PB 0x000000008b100000| Untracked |  0
|  96|0x000000008b200000, 0x000000008b200000, 0x000000008b300000|  0%| F|  |TAMS 0x000000008b200000| PB 0x000000008b200000| Untracked |  0
|  97|0x000000008b300000, 0x000000008b300000, 0x000000008b400000|  0%| F|  |TAMS 0x000000008b300000| PB 0x000000008b300000| Untracked |  0
|  98|0x000000008b400000, 0x000000008b400000, 0x000000008b500000|  0%| F|  |TAMS 0x000000008b400000| PB 0x000000008b400000| Untracked |  0
|  99|0x000000008b500000, 0x000000008b500000, 0x000000008b600000|  0%| F|  |TAMS 0x000000008b500000| PB 0x000000008b500000| Untracked |  0
| 100|0x000000008b600000, 0x000000008b600000, 0x000000008b700000|  0%| F|  |TAMS 0x000000008b600000| PB 0x000000008b600000| Untracked |  0
| 101|0x000000008b700000, 0x000000008b700000, 0x000000008b800000|  0%| F|  |TAMS 0x000000008b700000| PB 0x000000008b700000| Untracked |  0
| 102|0x000000008b800000, 0x000000008b800000, 0x000000008b900000|  0%| F|  |TAMS 0x000000008b800000| PB 0x000000008b800000| Untracked |  0
| 103|0x000000008b900000, 0x000000008b900000, 0x000000008ba00000|  0%| F|  |TAMS 0x000000008b900000| PB 0x000000008b900000| Untracked |  0
| 104|0x000000008ba00000, 0x000000008ba00000, 0x000000008bb00000|  0%| F|  |TAMS 0x000000008ba00000| PB 0x000000008ba00000| Untracked |  0
| 105|0x000000008bb00000, 0x000000008bb00000, 0x000000008bc00000|  0%| F|  |TAMS 0x000000008bb00000| PB 0x000000008bb00000| Untracked |  0
| 106|0x000000008bc00000, 0x000000008bc00000, 0x000000008bd00000|  0%| F|  |TAMS 0x000000008bc00000| PB 0x000000008bc00000| Untracked |  0
| 107|0x000000008bd00000, 0x000000008bd00000, 0x000000008be00000|  0%| F|  |TAMS 0x000000008bd00000| PB 0x000000008bd00000| Untracked |  0
| 108|0x000000008be00000, 0x000000008be00000, 0x000000008bf00000|  0%| F|  |TAMS 0x000000008be00000| PB 0x000000008be00000| Untracked |  0
| 109|0x000000008bf00000, 0x000000008bf00000, 0x000000008c000000|  0%| F|  |TAMS 0x000000008bf00000| PB 0x000000008bf00000| Untracked |  0
| 110|0x000000008c000000, 0x000000008c000000, 0x000000008c100000|  0%| F|  |TAMS 0x000000008c000000| PB 0x000000008c000000| Untracked |  0
| 111|0x000000008c100000, 0x000000008c100000, 0x000000008c200000|  0%| F|  |TAMS 0x000000008c100000| PB 0x000000008c100000| Untracked |  0
| 112|0x000000008c200000, 0x000000008c200000, 0x000000008c300000|  0%| F|  |TAMS 0x000000008c200000| PB 0x000000008c200000| Untracked |  0
| 113|0x000000008c300000, 0x000000008c300000, 0x000000008c400000|  0%| F|  |TAMS 0x000000008c300000| PB 0x000000008c300000| Untracked |  0
| 114|0x000000008c400000, 0x000000008c400000, 0x000000008c500000|  0%| F|  |TAMS 0x000000008c400000| PB 0x000000008c400000| Untracked |  0
| 115|0x000000008c500000, 0x000000008c500000, 0x000000008c600000|  0%| F|  |TAMS 0x000000008c500000| PB 0x000000008c500000| Untracked |  0
| 116|0x000000008c600000, 0x000000008c700000, 0x000000008c700000|100%| E|  |TAMS 0x000000008c600000| PB 0x000000008c600000| Complete |  0
| 117|0x000000008c700000, 0x000000008c800000, 0x000000008c800000|100%| E|CS|TAMS 0x000000008c700000| PB 0x000000008c700000| Complete |  0
| 118|0x000000008c800000, 0x000000008c900000, 0x000000008c900000|100%| E|CS|TAMS 0x000000008c800000| PB 0x000000008c800000| Complete |  0
| 119|0x000000008c900000, 0x000000008ca00000, 0x000000008ca00000|100%| E|CS|TAMS 0x000000008c900000| PB 0x000000008c900000| Complete |  0
| 120|0x000000008ca00000, 0x000000008cb00000, 0x000000008cb00000|100%| E|CS|TAMS 0x000000008ca00000| PB 0x000000008ca00000| Complete |  0
| 121|0x000000008cb00000, 0x000000008cc00000, 0x000000008cc00000|100%| E|CS|TAMS 0x000000008cb00000| PB 0x000000008cb00000| Complete |  0
| 122|0x000000008cc00000, 0x000000008cd00000, 0x000000008cd00000|100%| E|CS|TAMS 0x000000008cc00000| PB 0x000000008cc00000| Complete |  0
| 123|0x000000008cd00000, 0x000000008ce00000, 0x000000008ce00000|100%| E|CS|TAMS 0x000000008cd00000| PB 0x000000008cd00000| Complete |  0
| 124|0x000000008ce00000, 0x000000008cf00000, 0x000000008cf00000|100%| E|CS|TAMS 0x000000008ce00000| PB 0x000000008ce00000| Complete |  0
| 125|0x000000008cf00000, 0x000000008d000000, 0x000000008d000000|100%| E|CS|TAMS 0x000000008cf00000| PB 0x000000008cf00000| Complete |  0
| 126|0x000000008d000000, 0x000000008d100000, 0x000000008d100000|100%| E|CS|TAMS 0x000000008d000000| PB 0x000000008d000000| Complete |  0
| 127|0x000000008d100000, 0x000000008d200000, 0x000000008d200000|100%| E|CS|TAMS 0x000000008d100000| PB 0x000000008d100000| Complete |  0
| 128|0x000000008d200000, 0x000000008d300000, 0x000000008d300000|100%| E|CS|TAMS 0x000000008d200000| PB 0x000000008d200000| Complete |  0
| 129|0x000000008d300000, 0x000000008d400000, 0x000000008d400000|100%| E|CS|TAMS 0x000000008d300000| PB 0x000000008d300000| Complete |  0
| 130|0x000000008d400000, 0x000000008d500000, 0x000000008d500000|100%| E|CS|TAMS 0x000000008d400000| PB 0x000000008d400000| Complete |  0
| 131|0x000000008d500000, 0x000000008d600000, 0x000000008d600000|100%| E|CS|TAMS 0x000000008d500000| PB 0x000000008d500000| Complete |  0
| 132|0x000000008d600000, 0x000000008d700000, 0x000000008d700000|100%| E|CS|TAMS 0x000000008d600000| PB 0x000000008d600000| Complete |  0
| 133|0x000000008d700000, 0x000000008d800000, 0x000000008d800000|100%| E|CS|TAMS 0x000000008d700000| PB 0x000000008d700000| Complete |  0
| 134|0x000000008d800000, 0x000000008d900000, 0x000000008d900000|100%| E|CS|TAMS 0x000000008d800000| PB 0x000000008d800000| Complete |  0
| 135|0x000000008d900000, 0x000000008da00000, 0x000000008da00000|100%| E|CS|TAMS 0x000000008d900000| PB 0x000000008d900000| Complete |  0
| 136|0x000000008da00000, 0x000000008db00000, 0x000000008db00000|100%| E|CS|TAMS 0x000000008da00000| PB 0x000000008da00000| Complete |  0
| 137|0x000000008db00000, 0x000000008dc00000, 0x000000008dc00000|100%| E|CS|TAMS 0x000000008db00000| PB 0x000000008db00000| Complete |  0
| 138|0x000000008dc00000, 0x000000008dd00000, 0x000000008dd00000|100%| E|CS|TAMS 0x000000008dc00000| PB 0x000000008dc00000| Complete |  0
| 139|0x000000008dd00000, 0x000000008de00000, 0x000000008de00000|100%| E|CS|TAMS 0x000000008dd00000| PB 0x000000008dd00000| Complete |  0

Card table byte_map: [0x00000168565a0000,0x0000016856980000] _byte_map_base: 0x0000016856177000

Marking Bits: (CMBitMap*) 0x000001683eba4f20
 Bits: [0x0000016856980000, 0x0000016858838000)

Polling page: 0x000001683cac0000

Metaspace:

Usage:
  Non-class:     81.15 MB used.
      Class:     11.62 MB used.
       Both:     92.77 MB used.

Virtual space:
  Non-class space:      128.00 MB reserved,      81.62 MB ( 64%) committed,  2 nodes.
      Class space:        1.00 GB reserved,      11.94 MB (  1%) committed,  1 nodes.
             Both:        1.12 GB reserved,      93.56 MB (  8%) committed. 

Chunk freelists:
   Non-Class:  13.66 MB
       Class:  3.86 MB
        Both:  17.52 MB

MaxMetaspaceSize: unlimited
CompressedClassSpaceSize: 1.00 GB
Initial GC threshold: 21.00 MB
Current GC threshold: 98.38 MB
CDS: on
 - commit_granule_bytes: 65536.
 - commit_granule_words: 8192.
 - virtual_space_node_default_size: 8388608.
 - enlarge_chunks_in_place: 1.
 - use_allocation_guard: 0.


Internal statistics:

num_allocs_failed_limit: 9.
num_arena_births: 1096.
num_arena_deaths: 0.
num_vsnodes_births: 3.
num_vsnodes_deaths: 0.
num_space_committed: 1497.
num_space_uncommitted: 0.
num_chunks_returned_to_freelist: 9.
num_chunks_taken_from_freelist: 4397.
num_chunk_merges: 9.
num_chunk_splits: 3232.
num_chunks_enlarged: 2604.
num_inconsistent_stats: 0.

CodeHeap 'non-profiled nmethods': size=120000Kb used=10250Kb max_used=10250Kb free=109749Kb
 bounds [0x000001684e960000, 0x000001684f370000, 0x0000016855e90000]
CodeHeap 'profiled nmethods': size=120000Kb used=23955Kb max_used=23955Kb free=96044Kb
 bounds [0x0000016846e90000, 0x0000016848600000, 0x000001684e3c0000]
CodeHeap 'non-nmethods': size=5760Kb used=1785Kb max_used=1863Kb free=3974Kb
 bounds [0x000001684e3c0000, 0x000001684e630000, 0x000001684e960000]
 total_blobs=13715 nmethods=12923 adapters=695
 compilation: enabled
              stopped_count=0, restarted_count=0
 full_count=0

Compilation events (20 events):
Event: 36.087 Thread 0x000001685b2b54f0 14316       4       sun.util.locale.LocaleUtils::isAlpha (30 bytes)
Event: 36.088 Thread 0x000001685b3e02a0 nmethod 14315 0x00000168485eba10 code [0x00000168485ebbc0, 0x00000168485ebdd8]
Event: 36.088 Thread 0x000001685b3e02a0 14317       3       java.util.stream.IntPipeline::adapt (35 bytes)
Event: 36.088 Thread 0x000001685b3e02a0 nmethod 14317 0x00000168485ebf10 code [0x00000168485ec0e0, 0x00000168485ec5e8]
Event: 36.088 Thread 0x000001685b2b54f0 nmethod 14316 0x000001684f360710 code [0x000001684f360880, 0x000001684f360918]
Event: 36.417 Thread 0x000001685b2b54f0 14318       4       java.lang.CharacterDataLatin1::toUpperCase (67 bytes)
Event: 36.417 Thread 0x000001685b2b54f0 nmethod 14318 0x000001684f360a10 code [0x000001684f360b80, 0x000001684f360c38]
Event: 36.423 Thread 0x000001685b3e02a0 14319       3       jdk.internal.loader.BuiltinClassLoader::findClassInModuleOrNull (30 bytes)
Event: 36.424 Thread 0x000001685b3e02a0 nmethod 14319 0x00000168485ec710 code [0x00000168485ec8c0, 0x00000168485ecaf0]
Event: 36.432 Thread 0x000001685b2b54f0 14320       4       java.lang.ClassLoader::findBootstrapClassOrNull (14 bytes)
Event: 36.437 Thread 0x000001685b2b54f0 nmethod 14320 0x000001684f360d10 code [0x000001684f360ec0, 0x000001684f361170]
Event: 36.439 Thread 0x000001685b3e02a0 14321       3       java.lang.invoke.MethodHandles$Lookup::resolveOrNull (46 bytes)
Event: 36.440 Thread 0x000001685b3e02a0 nmethod 14321 0x00000168485ecc10 code [0x00000168485ecea0, 0x00000168485ed8f8]
Event: 36.446 Thread 0x000001685b2b54f0 14322   !   4       java.util.concurrent.ConcurrentHashMap::transfer (849 bytes)
Event: 36.456 Thread 0x000001685b3e02a0 14327       3       java.lang.invoke.MethodHandles::insertArguments (98 bytes)
Event: 36.457 Thread 0x000001685b3e02a0 nmethod 14327 0x00000168485edc90 code [0x00000168485edf00, 0x00000168485eea20]
Event: 36.457 Thread 0x000001685b3e02a0 14328       3       java.lang.invoke.MethodHandles::insertArgumentsChecks (51 bytes)
Event: 36.458 Thread 0x000001685b3e02a0 nmethod 14328 0x00000168485eef10 code [0x00000168485ef100, 0x00000168485ef5d8]
Event: 36.458 Thread 0x000001685b3e02a0 14329       1       java.lang.invoke.MethodHandle::isInvokeSpecial (2 bytes)
Event: 36.458 Thread 0x000001685b3e02a0 nmethod 14329 0x000001684f362010 code [0x000001684f3621a0, 0x000001684f362268]

GC Heap History (20 events):
Event: 20.221 GC heap before
{Heap before GC invocations=26 (full 0):
 garbage-first heap   total reserved 2013184K, committed 98304K, used 83062K [0x0000000085200000, 0x0000000100000000)
  region size 1024K, 57 young (58368K), 5 survivors (5120K)
 Metaspace       used 63296K, committed 63808K, reserved 1114112K
  class space    used 7765K, committed 8000K, reserved 1048576K
}
Event: 20.233 GC heap after
{Heap after GC invocations=27 (full 0):
 garbage-first heap   total reserved 2013184K, committed 98304K, used 30115K [0x0000000085200000, 0x0000000100000000)
  region size 1024K, 4 young (4096K), 4 survivors (4096K)
 Metaspace       used 63296K, committed 63808K, reserved 1114112K
  class space    used 7765K, committed 8000K, reserved 1048576K
}
Event: 20.851 GC heap before
{Heap before GC invocations=27 (full 0):
 garbage-first heap   total reserved 2013184K, committed 98304K, used 84387K [0x0000000085200000, 0x0000000100000000)
  region size 1024K, 57 young (58368K), 4 survivors (4096K)
 Metaspace       used 66120K, committed 66688K, reserved 1114112K
  class space    used 8153K, committed 8384K, reserved 1048576K
}
Event: 20.862 GC heap after
{Heap after GC invocations=28 (full 0):
 garbage-first heap   total reserved 2013184K, committed 98304K, used 31651K [0x0000000085200000, 0x0000000100000000)
  region size 1024K, 5 young (5120K), 5 survivors (5120K)
 Metaspace       used 66120K, committed 66688K, reserved 1114112K
  class space    used 8153K, committed 8384K, reserved 1048576K
}
Event: 21.442 GC heap before
{Heap before GC invocations=28 (full 0):
 garbage-first heap   total reserved 2013184K, committed 98304K, used 84899K [0x0000000085200000, 0x0000000100000000)
  region size 1024K, 57 young (58368K), 5 survivors (5120K)
 Metaspace       used 68925K, committed 69568K, reserved 1114112K
  class space    used 8408K, committed 8704K, reserved 1048576K
}
Event: 21.450 GC heap after
{Heap after GC invocations=29 (full 0):
 garbage-first heap   total reserved 2013184K, committed 118784K, used 31744K [0x0000000085200000, 0x0000000100000000)
  region size 1024K, 4 young (4096K), 4 survivors (4096K)
 Metaspace       used 68925K, committed 69568K, reserved 1114112K
  class space    used 8408K, committed 8704K, reserved 1048576K
}
Event: 22.140 GC heap before
{Heap before GC invocations=29 (full 0):
 garbage-first heap   total reserved 2013184K, committed 118784K, used 98304K [0x0000000085200000, 0x0000000100000000)
  region size 1024K, 69 young (70656K), 4 survivors (4096K)
 Metaspace       used 72596K, committed 73216K, reserved 1114112K
  class space    used 8932K, committed 9216K, reserved 1048576K
}
Event: 22.150 GC heap after
{Heap after GC invocations=30 (full 0):
 garbage-first heap   total reserved 2013184K, committed 118784K, used 33681K [0x0000000085200000, 0x0000000100000000)
  region size 1024K, 6 young (6144K), 6 survivors (6144K)
 Metaspace       used 72596K, committed 73216K, reserved 1114112K
  class space    used 8932K, committed 9216K, reserved 1048576K
}
Event: 22.908 GC heap before
{Heap before GC invocations=30 (full 0):
 garbage-first heap   total reserved 2013184K, committed 118784K, used 98193K [0x0000000085200000, 0x0000000100000000)
  region size 1024K, 69 young (70656K), 6 survivors (6144K)
 Metaspace       used 75601K, committed 76224K, reserved 1179648K
  class space    used 9300K, committed 9536K, reserved 1048576K
}
Event: 22.922 GC heap after
{Heap after GC invocations=31 (full 0):
 garbage-first heap   total reserved 2013184K, committed 118784K, used 35694K [0x0000000085200000, 0x0000000100000000)
  region size 1024K, 7 young (7168K), 7 survivors (7168K)
 Metaspace       used 75601K, committed 76224K, reserved 1179648K
  class space    used 9300K, committed 9536K, reserved 1048576K
}
Event: 24.183 GC heap before
{Heap before GC invocations=31 (full 0):
 garbage-first heap   total reserved 2013184K, committed 118784K, used 99182K [0x0000000085200000, 0x0000000100000000)
  region size 1024K, 69 young (70656K), 7 survivors (7168K)
 Metaspace       used 78857K, committed 79616K, reserved 1179648K
  class space    used 9756K, committed 10112K, reserved 1048576K
}
Event: 24.202 GC heap after
{Heap after GC invocations=32 (full 0):
 garbage-first heap   total reserved 2013184K, committed 118784K, used 37762K [0x0000000085200000, 0x0000000100000000)
  region size 1024K, 6 young (6144K), 6 survivors (6144K)
 Metaspace       used 78857K, committed 79616K, reserved 1179648K
  class space    used 9756K, committed 10112K, reserved 1048576K
}
Event: 25.383 GC heap before
{Heap before GC invocations=32 (full 0):
 garbage-first heap   total reserved 2013184K, committed 118784K, used 102274K [0x0000000085200000, 0x0000000100000000)
  region size 1024K, 69 young (70656K), 6 survivors (6144K)
 Metaspace       used 82519K, committed 83328K, reserved 1179648K
  class space    used 10350K, committed 10688K, reserved 1048576K
}
Event: 25.403 GC heap after
{Heap after GC invocations=33 (full 0):
 garbage-first heap   total reserved 2013184K, committed 143360K, used 40043K [0x0000000085200000, 0x0000000100000000)
  region size 1024K, 7 young (7168K), 7 survivors (7168K)
 Metaspace       used 82519K, committed 83328K, reserved 1179648K
  class space    used 10350K, committed 10688K, reserved 1048576K
}
Event: 28.035 GC heap before
{Heap before GC invocations=33 (full 0):
 garbage-first heap   total reserved 2013184K, committed 143360K, used 117867K [0x0000000085200000, 0x0000000100000000)
  region size 1024K, 84 young (86016K), 7 survivors (7168K)
 Metaspace       used 85646K, committed 86400K, reserved 1179648K
  class space    used 10768K, committed 11072K, reserved 1048576K
}
Event: 28.048 GC heap after
{Heap after GC invocations=34 (full 0):
 garbage-first heap   total reserved 2013184K, committed 143360K, used 41943K [0x0000000085200000, 0x0000000100000000)
  region size 1024K, 7 young (7168K), 7 survivors (7168K)
 Metaspace       used 85646K, committed 86400K, reserved 1179648K
  class space    used 10768K, committed 11072K, reserved 1048576K
}
Event: 29.962 GC heap before
{Heap before GC invocations=34 (full 0):
 garbage-first heap   total reserved 2013184K, committed 143360K, used 119767K [0x0000000085200000, 0x0000000100000000)
  region size 1024K, 84 young (86016K), 7 survivors (7168K)
 Metaspace       used 89192K, committed 90048K, reserved 1179648K
  class space    used 11149K, committed 11520K, reserved 1048576K
}
Event: 29.978 GC heap after
{Heap after GC invocations=35 (full 0):
 garbage-first heap   total reserved 2013184K, committed 143360K, used 42711K [0x0000000085200000, 0x0000000100000000)
  region size 1024K, 5 young (5120K), 5 survivors (5120K)
 Metaspace       used 89192K, committed 90048K, reserved 1179648K
  class space    used 11149K, committed 11520K, reserved 1048576K
}
Event: 34.187 GC heap before
{Heap before GC invocations=35 (full 0):
 garbage-first heap   total reserved 2013184K, committed 143360K, used 122583K [0x0000000085200000, 0x0000000100000000)
  region size 1024K, 84 young (86016K), 5 survivors (5120K)
 Metaspace       used 93346K, committed 94080K, reserved 1179648K
  class space    used 11648K, committed 11968K, reserved 1048576K
}
Event: 34.205 GC heap after
{Heap after GC invocations=36 (full 0):
 garbage-first heap   total reserved 2013184K, committed 143360K, used 48071K [0x0000000085200000, 0x0000000100000000)
  region size 1024K, 10 young (10240K), 10 survivors (10240K)
 Metaspace       used 93346K, committed 94080K, reserved 1179648K
  class space    used 11648K, committed 11968K, reserved 1048576K
}

Dll operation events (15 events):
Event: 0.018 Loaded shared library C:\Users\User\.jdks\openjdk-22.0.2\bin\java.dll
Event: 0.077 Loaded shared library C:\Users\User\.jdks\openjdk-22.0.2\bin\jsvml.dll
Event: 0.122 Loaded shared library C:\Users\User\.jdks\openjdk-22.0.2\bin\zip.dll
Event: 0.127 Loaded shared library C:\Users\User\.jdks\openjdk-22.0.2\bin\instrument.dll
Event: 0.131 Loaded shared library C:\Users\User\.jdks\openjdk-22.0.2\bin\net.dll
Event: 0.133 Loaded shared library C:\Users\User\.jdks\openjdk-22.0.2\bin\nio.dll
Event: 0.136 Loaded shared library C:\Users\User\.jdks\openjdk-22.0.2\bin\zip.dll
Event: 0.532 Loaded shared library C:\Users\User\.jdks\openjdk-22.0.2\bin\verify.dll
Event: 0.585 Loaded shared library C:\Users\User\.jdks\openjdk-22.0.2\bin\jimage.dll
Event: 1.029 Loaded shared library C:\Users\User\.jdks\openjdk-22.0.2\bin\management.dll
Event: 1.043 Loaded shared library C:\Users\User\.jdks\openjdk-22.0.2\bin\management_ext.dll
Event: 7.275 Loaded shared library C:\Users\User\.jdks\openjdk-22.0.2\bin\le.dll
Event: 8.547 Loaded shared library C:\Users\User\.jdks\openjdk-22.0.2\bin\sunmscapi.dll
Event: 15.096 Loaded shared library C:\Users\User\.jdks\openjdk-22.0.2\bin\extnet.dll
Event: 23.934 Loaded shared library C:\Users\User\.jdks\openjdk-22.0.2\bin\instrument.dll

Deoptimization events (20 events):
Event: 36.414 Thread 0x00000168a1bc6750 DEOPT PACKING pc=0x000001684f1838b8 sp=0x0000003c7ecfe9e0
Event: 36.414 Thread 0x00000168a1bc6750 DEOPT UNPACKING pc=0x000001684e4146a2 sp=0x0000003c7ecfe978 mode 2
Event: 36.446 Thread 0x00000168a1bc7b00 DEOPT PACKING pc=0x000001684828cf42 sp=0x0000003c7f2fca70
Event: 36.446 Thread 0x00000168a1bc7b00 DEOPT UNPACKING pc=0x000001684e414e42 sp=0x0000003c7f2fbf80 mode 0
Event: 36.495 Thread 0x00000168a1bc7b00 Uncommon trap: trap_request=0xffffffde fr.pc=0x000001684f24213c relative=0x000000000000009c
Event: 36.495 Thread 0x00000168a1bc7b00 Uncommon trap: reason=class_check action=maybe_recompile pc=0x000001684f24213c method=java.nio.ByteBuffer.limit(I)Ljava/nio/Buffer; @ 2 c2
Event: 36.495 Thread 0x00000168a1bc7b00 DEOPT PACKING pc=0x000001684f24213c sp=0x0000003c7f2fe690
Event: 36.495 Thread 0x00000168a1bc7b00 DEOPT UNPACKING pc=0x000001684e4146a2 sp=0x0000003c7f2fe628 mode 2
Event: 36.495 Thread 0x00000168a1bc7b00 Uncommon trap: trap_request=0xffffffde fr.pc=0x000001684f1838b8 relative=0x0000000000000098
Event: 36.495 Thread 0x00000168a1bc7b00 Uncommon trap: reason=class_check action=maybe_recompile pc=0x000001684f1838b8 method=java.nio.ByteBuffer.position(I)Ljava/nio/Buffer; @ 2 c2
Event: 36.495 Thread 0x00000168a1bc7b00 DEOPT PACKING pc=0x000001684f1838b8 sp=0x0000003c7f2fe690
Event: 36.495 Thread 0x00000168a1bc7b00 DEOPT UNPACKING pc=0x000001684e4146a2 sp=0x0000003c7f2fe628 mode 2
Event: 36.495 Thread 0x00000168a1bc7b00 Uncommon trap: trap_request=0xffffffde fr.pc=0x000001684f24213c relative=0x000000000000009c
Event: 36.495 Thread 0x00000168a1bc7b00 Uncommon trap: reason=class_check action=maybe_recompile pc=0x000001684f24213c method=java.nio.ByteBuffer.limit(I)Ljava/nio/Buffer; @ 2 c2
Event: 36.495 Thread 0x00000168a1bc7b00 DEOPT PACKING pc=0x000001684f24213c sp=0x0000003c7f2fe6d0
Event: 36.497 Thread 0x00000168a1bc7b00 DEOPT UNPACKING pc=0x000001684e4146a2 sp=0x0000003c7f2fe668 mode 2
Event: 36.499 Thread 0x00000168a1bc7b00 Uncommon trap: trap_request=0xffffffde fr.pc=0x000001684f1838b8 relative=0x0000000000000098
Event: 36.499 Thread 0x00000168a1bc7b00 Uncommon trap: reason=class_check action=maybe_recompile pc=0x000001684f1838b8 method=java.nio.ByteBuffer.position(I)Ljava/nio/Buffer; @ 2 c2
Event: 36.499 Thread 0x00000168a1bc7b00 DEOPT PACKING pc=0x000001684f1838b8 sp=0x0000003c7f2fe6d0
Event: 36.499 Thread 0x00000168a1bc7b00 DEOPT UNPACKING pc=0x000001684e4146a2 sp=0x0000003c7f2fe668 mode 2

Classes loaded (20 events):
Event: 36.464 Loading class jdk/internal/net/http/Http1Response
Event: 36.464 Loading class jdk/internal/net/http/Http1Response done
Event: 36.464 Loading class java/net/http/HttpResponse$BodySubscriber
Event: 36.464 Loading class java/net/http/HttpResponse$BodySubscriber done
Event: 36.466 Loading class java/net/http/HttpResponse$BodySubscriber
Event: 36.466 Loading class java/net/http/HttpResponse$BodySubscriber done
Event: 36.466 Loading class java/net/http/HttpResponse$BodySubscriber
Event: 36.466 Loading class java/net/http/HttpResponse$BodySubscriber done
Event: 36.467 Loading class jdk/internal/net/http/Http1Response$ClientRefCountTracker
Event: 36.467 Loading class jdk/internal/net/http/Http1Response$ClientRefCountTracker done
Event: 36.467 Loading class jdk/internal/net/http/Http1Response$ClientRefCountTracker
Event: 36.467 Loading class jdk/internal/net/http/Http1Response$ClientRefCountTracker done
Event: 36.468 Loading class jdk/internal/net/http/Exchange
Event: 36.468 Loading class jdk/internal/net/http/Exchange done
Event: 36.470 Loading class jdk/internal/net/http/MultiExchange
Event: 36.470 Loading class jdk/internal/net/http/MultiExchange done
Event: 36.470 Loading class jdk/internal/net/http/Response
Event: 36.470 Loading class jdk/internal/net/http/Response done
Event: 36.470 Loading class java/net/http/HttpResponse
Event: 36.470 Loading class java/net/http/HttpResponse done

Classes unloaded (0 events):
No events

Classes redefined (5 events):
Event: 24.498 Thread 0x000001685b278310 redefined class name=org.springframework.security.core.userdetails.UserDetailsService, count=1
Event: 24.500 Thread 0x000001685b278310 redefined class name=java.lang.Object, count=1
Event: 24.500 Thread 0x000001685b278310 redefined class name=com.example.library.service.CustomUserDetailsService, count=2
Event: 27.138 Thread 0x000001685b278310 redefined class name=com.example.library.service.BookService, count=2
Event: 27.250 Thread 0x000001685b278310 redefined class name=com.example.library.service.UserService, count=2

Internal exceptions (20 events):
Event: 28.233 Thread 0x000001683eb4ec70 Exception <a 'java/lang/NoClassDefFoundError'{0x000000008d79e7d0}: jakarta/validation/ValidationException> (0x000000008d79e7d0) 
thrown [s\open\src\hotspot\share\classfile\systemDictionary.cpp, line 302]
Event: 28.235 Thread 0x000001683eb4ec70 Exception <a 'java/lang/NoClassDefFoundError'{0x000000008d7b33f8}: liquibase/exception/ChangeLogParseException> (0x000000008d7b33f8) 
thrown [s\open\src\hotspot\share\classfile\systemDictionary.cpp, line 302]
Event: 28.268 Thread 0x000001683eb4ec70 Exception <a 'java/lang/NoClassDefFoundError'{0x000000008d521d28}: org/jooq/DSLContext> (0x000000008d521d28) 
thrown [s\open\src\hotspot\share\classfile\systemDictionary.cpp, line 302]
Event: 28.269 Thread 0x000001683eb4ec70 Exception <a 'java/lang/NoClassDefFoundError'{0x000000008d524e30}: io/r2dbc/spi/ConnectionFactory> (0x000000008d524e30) 
thrown [s\open\src\hotspot\share\classfile\systemDictionary.cpp, line 302]
Event: 28.656 Thread 0x000001683eb4ec70 Exception <a 'java/lang/IncompatibleClassChangeError'{0x000000008ce06dd8}: Found class java.lang.Object, but interface was expected> (0x000000008ce06dd8) 
thrown [s\open\src\hotspot\share\interpreter\linkResolver.cpp, line 841]
Event: 32.173 Thread 0x000001683eb4ec70 Exception <a 'java/lang/NoSuchMethodError'{0x000000008b0cd4c0}: 'int java.lang.invoke.DirectMethodHandle$Holder.invokeStatic(java.lang.Object, java.lang.Object, int, java.lang.Object)'> (0x000000008b0cd4c0) 
thrown [s\open\src\hotspot\share\interpreter\linkResolver.cpp, line 774]
Event: 32.176 Thread 0x000001683eb4ec70 Exception <a 'java/lang/IncompatibleClassChangeError'{0x000000008b0d36d8}: Found class java.lang.Object, but interface was expected> (0x000000008b0d36d8) 
thrown [s\open\src\hotspot\share\interpreter\linkResolver.cpp, line 841]
Event: 32.465 Thread 0x000001683eb4ec70 Exception <a 'java/lang/NoSuchMethodError'{0x0000000089c98a70}: 'java.lang.Object java.lang.invoke.DirectMethodHandle$Holder.invokeStaticInit(java.lang.Object, java.lang.Object, int)'> (0x0000000089c98a70) 
thrown [s\open\src\hotspot\share\interpreter\linkResolver.cpp, line 774]
Event: 32.733 Thread 0x000001683eb4ec70 Exception <a 'java/lang/IncompatibleClassChangeError'{0x00000000894ae5d0}: Found class java.lang.Object, but interface was expected> (0x00000000894ae5d0) 
thrown [s\open\src\hotspot\share\interpreter\linkResolver.cpp, line 841]
Event: 34.015 Thread 0x00000168a1bcc9c0 Exception <a 'java/net/ConnectException'{0x00000000891975b0}: Connection refused: getsockopt> (0x00000000891975b0) 
thrown [s\open\src\hotspot\share\prims\jni.cpp, line 539]
Event: 34.033 Thread 0x00000168a1bcc9c0 Exception <a 'java/net/ConnectException'{0x00000000891998b0}: Connection refused: getsockopt> (0x00000000891998b0) 
thrown [s\open\src\hotspot\share\prims\jni.cpp, line 539]
Event: 34.063 Thread 0x00000168a1bcc9c0 Exception <a 'java/net/ConnectException'{0x000000008919a7d0}: Connection refused: getsockopt> (0x000000008919a7d0) 
thrown [s\open\src\hotspot\share\prims\jni.cpp, line 539]
Event: 34.182 Thread 0x000001683eb4ec70 Exception <a 'java/lang/NoSuchMethodError'{0x0000000088fbf130}: 'double java.lang.invoke.DirectMethodHandle$Holder.invokeVirtual(java.lang.Object, java.lang.Object)'> (0x0000000088fbf130) 
thrown [s\open\src\hotspot\share\interpreter\linkResolver.cpp, line 774]
Event: 34.182 Thread 0x000001683eb4ec70 Exception <a 'java/lang/NoSuchMethodError'{0x0000000088fc5980}: 'float java.lang.invoke.DirectMethodHandle$Holder.invokeVirtual(java.lang.Object, java.lang.Object)'> (0x0000000088fc5980) 
thrown [s\open\src\hotspot\share\interpreter\linkResolver.cpp, line 774]
Event: 34.184 Thread 0x000001683eb4ec70 Exception <a 'java/lang/NoSuchMethodError'{0x0000000088fce0c8}: 'long java.lang.invoke.DirectMethodHandle$Holder.invokeVirtual(java.lang.Object, java.lang.Object)'> (0x0000000088fce0c8) 
thrown [s\open\src\hotspot\share\interpreter\linkResolver.cpp, line 774]
Event: 34.237 Thread 0x000001683eb4ec70 Exception <a 'java/lang/NoSuchMethodError'{0x000000008dbac7c8}: 'java.lang.Object java.lang.invoke.DirectMethodHandle$Holder.newInvokeSpecial(java.lang.Object, java.lang.Object, int, int)'> (0x000000008dbac7c8) 
thrown [s\open\src\hotspot\share\interpreter\linkResolver.cpp, line 774]
Event: 34.237 Thread 0x000001683eb4ec70 Exception <a 'java/lang/NoSuchMethodError'{0x000000008dbb0b58}: 'java.lang.Object java.lang.invoke.DirectMethodHandle$Holder.invokeSpecial(java.lang.Object, java.lang.Object, java.lang.Object, int, int)'> (0x000000008dbb0b58) 
thrown [s\open\src\hotspot\share\interpreter\linkResolver.cpp, line 774]
Event: 34.238 Thread 0x000001683eb4ec70 Exception <a 'java/lang/NoSuchMethodError'{0x000000008dbb7af8}: 'void java.lang.invoke.DirectMethodHandle$Holder.invokeStatic(java.lang.Object, java.lang.Object, int)'> (0x000000008dbb7af8) 
thrown [s\open\src\hotspot\share\interpreter\linkResolver.cpp, line 774]
Event: 34.292 Thread 0x000001683eb4ec70 Exception <a 'java/lang/NoSuchMethodError'{0x000000008d898fd0}: 'void java.lang.invoke.DirectMethodHandle$Holder.invokeStatic(java.lang.Object, java.lang.Object, java.lang.Object, java.lang.Object, java.lang.Object, java.lang.Object, java.lang.Object)'> (0x000000008d898fd0) 
thrown [s\open\src\hotspot\share\interpreter\linkResolver.cpp, line 774]
Event: 36.451 Thread 0x00000168a1bc7b00 Exception <a 'java/lang/NoSuchMethodError'{0x000000008c8f9810}: 'java.lang.Object java.lang.invoke.DirectMethodHandle$Holder.newInvokeSpecial(java.lang.Object, java.lang.Object, long, java.lang.Object, java.lang.Object, java.lang.Object)'> (0x000000008c8f9810) 
thrown [s\open\src\hotspot\share\interpreter\linkResolver.cpp, line 774]

ZGC Phase Switch (0 events):
No events

VM Operations (20 events):
Event: 30.324 Executing VM operation: HandshakeAllThreads (Deoptimize)
Event: 30.324 Executing VM operation: HandshakeAllThreads (Deoptimize) done
Event: 31.195 Executing VM operation: ICBufferFull
Event: 31.196 Executing VM operation: ICBufferFull done
Event: 31.245 Executing VM operation: HandshakeAllThreads (Deoptimize)
Event: 31.245 Executing VM operation: HandshakeAllThreads (Deoptimize) done
Event: 32.257 Executing VM operation: Cleanup
Event: 32.258 Executing VM operation: Cleanup done
Event: 33.263 Executing VM operation: Cleanup
Event: 33.263 Executing VM operation: Cleanup done
Event: 34.119 Executing VM operation: HandshakeAllThreads (Deoptimize)
Event: 34.119 Executing VM operation: HandshakeAllThreads (Deoptimize) done
Event: 34.187 Executing VM operation: G1CollectForAllocation (G1 Evacuation Pause)
Event: 34.205 Executing VM operation: G1CollectForAllocation (G1 Evacuation Pause) done
Event: 35.218 Executing VM operation: Cleanup
Event: 35.218 Executing VM operation: Cleanup done
Event: 36.231 Executing VM operation: Cleanup
Event: 36.231 Executing VM operation: Cleanup done
Event: 36.414 Executing VM operation: HandshakeAllThreads (Deoptimize)
Event: 36.414 Executing VM operation: HandshakeAllThreads (Deoptimize) done

Memory protections (0 events):
No events

Nmethod flushes (20 events):
Event: 18.986 Thread 0x000001685b278310 flushing  nmethod 0x0000016847731990
Event: 18.986 Thread 0x000001685b278310 flushing  nmethod 0x000001684773e710
Event: 18.986 Thread 0x000001685b278310 flushing  nmethod 0x0000016847743490
Event: 18.986 Thread 0x000001685b278310 flushing  nmethod 0x0000016847745310
Event: 18.986 Thread 0x000001685b278310 flushing  nmethod 0x0000016847745b90
Event: 18.986 Thread 0x000001685b278310 flushing  nmethod 0x0000016847746410
Event: 18.986 Thread 0x000001685b278310 flushing  nmethod 0x0000016847746790
Event: 18.986 Thread 0x000001685b278310 flushing  nmethod 0x0000016847747110
Event: 18.986 Thread 0x000001685b278310 flushing  nmethod 0x000001684774e010
Event: 18.986 Thread 0x000001685b278310 flushing  nmethod 0x000001684774e810
Event: 18.986 Thread 0x000001685b278310 flushing  nmethod 0x000001684774ee10
Event: 18.986 Thread 0x000001685b278310 flushing  nmethod 0x0000016847750e90
Event: 18.986 Thread 0x000001685b278310 flushing  nmethod 0x0000016847755010
Event: 18.986 Thread 0x000001685b278310 flushing  nmethod 0x0000016847772410
Event: 18.986 Thread 0x000001685b278310 flushing  nmethod 0x00000168477d0610
Event: 18.986 Thread 0x000001685b278310 flushing  nmethod 0x00000168477d6990
Event: 18.986 Thread 0x000001685b278310 flushing  nmethod 0x000001684788fe90
Event: 18.986 Thread 0x000001685b278310 flushing  nmethod 0x0000016847890690
Event: 18.986 Thread 0x000001685b278310 flushing  nmethod 0x00000168478c2610
Event: 18.986 Thread 0x000001685b278310 flushing  nmethod 0x00000168478d2e10

Events (20 events):
Event: 24.528 Thread 0x000001685b3e02a0 Thread added: 0x00000168a5b5f3e0
Event: 24.528 Thread 0x000001685b3e02a0 Thread added: 0x00000168a5007030
Event: 27.764 Thread 0x000001683eb4ec70 Thread added: 0x00000168a1bcc330
Event: 27.767 Thread 0x00000168a1bcc330 Thread exited: 0x00000168a1bcc330
Event: 32.379 Thread 0x000001683eb4ec70 Thread added: 0x00000168a1bcaf80
Event: 32.623 Thread 0x000001683eb4ec70 Thread added: 0x00000168a1bc6750
Event: 32.820 Thread 0x00000168a5b5f3e0 Thread exited: 0x00000168a5b5f3e0
Event: 32.820 Thread 0x00000168a5007030 Thread exited: 0x00000168a5007030
Event: 33.981 Thread 0x000001683eb4ec70 Thread added: 0x00000168a1bc6de0
Event: 33.984 Thread 0x000001683eb4ec70 Thread added: 0x00000168a1bc7470
Event: 33.985 Thread 0x000001683eb4ec70 Thread added: 0x00000168a1bc53a0
Event: 33.992 Thread 0x00000168a1bc7470 Thread added: 0x00000168a1bcc9c0
Event: 34.122 Thread 0x00000168a1bcc9c0 Thread added: 0x00000168a1bc5a30
Event: 34.242 Thread 0x000001685b3e02a0 Thread added: 0x00000168a5b5f3e0
Event: 34.245 Thread 0x000001685b3e02a0 Thread added: 0x00000168a5007030
Event: 34.330 Thread 0x000001683eb4ec70 Thread added: 0x00000168a1bc7b00
Event: 34.486 Thread 0x00000168a1bc6750 Thread added: 0x00000168a1bc8820
Event: 34.488 Thread 0x00000168a1bc6750 Thread added: 0x00000168a1bc8eb0
Event: 35.045 Thread 0x00000168a5007030 Thread exited: 0x00000168a5007030
Event: 35.045 Thread 0x00000168a5b5f3e0 Thread exited: 0x00000168a5b5f3e0


Dynamic libraries:
0x00007ff673620000 - 0x00007ff67362e000 	C:\Users\User\.jdks\openjdk-22.0.2\bin\java.exe
0x00007ffc679f0000 - 0x00007ffc67c07000 	C:\WINDOWS\SYSTEM32\ntdll.dll
0x00007ffc663c0000 - 0x00007ffc66484000 	C:\WINDOWS\System32\KERNEL32.DLL
0x00007ffc65180000 - 0x00007ffc6552d000 	C:\WINDOWS\System32\KERNELBASE.dll
0x00007ffc65530000 - 0x00007ffc65641000 	C:\WINDOWS\System32\ucrtbase.dll
0x00007ffc4dae0000 - 0x00007ffc4daf7000 	C:\Users\User\.jdks\openjdk-22.0.2\bin\jli.dll
0x00007ffc47b30000 - 0x00007ffc47b4b000 	C:\Users\User\.jdks\openjdk-22.0.2\bin\VCRUNTIME140.dll
0x00007ffc66940000 - 0x00007ffc66aee000 	C:\WINDOWS\System32\USER32.dll
0x00007ffc64d10000 - 0x00007ffc64d36000 	C:\WINDOWS\System32\win32u.dll
0x00007ffc487e0000 - 0x00007ffc48a73000 	C:\WINDOWS\WinSxS\amd64_microsoft.windows.common-controls_6595b64144ccf1df_6.0.22621.3672_none_2713b9d173822955\COMCTL32.dll
0x00007ffc66190000 - 0x00007ffc661b9000 	C:\WINDOWS\System32\GDI32.dll
0x00007ffc64dc0000 - 0x00007ffc64ed9000 	C:\WINDOWS\System32\gdi32full.dll
0x00007ffc65680000 - 0x00007ffc6571a000 	C:\WINDOWS\System32\msvcp_win.dll
0x00007ffc677e0000 - 0x00007ffc67887000 	C:\WINDOWS\System32\msvcrt.dll
0x00007ffc675c0000 - 0x00007ffc675f1000 	C:\WINDOWS\System32\IMM32.DLL
0x00007ffc4e0e0000 - 0x00007ffc4e0ec000 	C:\Users\User\.jdks\openjdk-22.0.2\bin\vcruntime140_1.dll
0x00007ffbd45d0000 - 0x00007ffbd465e000 	C:\Users\User\.jdks\openjdk-22.0.2\bin\msvcp140.dll
0x00007ffba9400000 - 0x00007ffbaa149000 	C:\Users\User\.jdks\openjdk-22.0.2\bin\server\jvm.dll
0x00007ffc65bb0000 - 0x00007ffc65c62000 	C:\WINDOWS\System32\ADVAPI32.dll
0x00007ffc66890000 - 0x00007ffc66939000 	C:\WINDOWS\System32\sechost.dll
0x00007ffc65650000 - 0x00007ffc65678000 	C:\WINDOWS\System32\bcrypt.dll
0x00007ffc67890000 - 0x00007ffc679a4000 	C:\WINDOWS\System32\RPCRT4.dll
0x00007ffc65f20000 - 0x00007ffc65f91000 	C:\WINDOWS\System32\WS2_32.dll
0x00007ffc64be0000 - 0x00007ffc64c2d000 	C:\WINDOWS\SYSTEM32\POWRPROF.dll
0x00007ffc5a690000 - 0x00007ffc5a6c4000 	C:\WINDOWS\SYSTEM32\WINMM.dll
0x00007ffc51710000 - 0x00007ffc5171a000 	C:\WINDOWS\SYSTEM32\VERSION.dll
0x00007ffc64bc0000 - 0x00007ffc64bd3000 	C:\WINDOWS\SYSTEM32\UMPDC.dll
0x00007ffc63d60000 - 0x00007ffc63d78000 	C:\WINDOWS\SYSTEM32\kernel.appcore.dll
0x00007ffc4dd40000 - 0x00007ffc4dd4a000 	C:\Users\User\.jdks\openjdk-22.0.2\bin\jimage.dll
0x00007ffc62170000 - 0x00007ffc623a2000 	C:\WINDOWS\SYSTEM32\DBGHELP.DLL
0x00007ffc66490000 - 0x00007ffc6681e000 	C:\WINDOWS\System32\combase.dll
0x00007ffc65fb0000 - 0x00007ffc66087000 	C:\WINDOWS\System32\OLEAUT32.dll
0x00007ffc3e160000 - 0x00007ffc3e192000 	C:\WINDOWS\SYSTEM32\dbgcore.DLL
0x00007ffc64d40000 - 0x00007ffc64dbb000 	C:\WINDOWS\System32\bcryptPrimitives.dll
0x00007ffc46510000 - 0x00007ffc4651f000 	C:\Users\User\.jdks\openjdk-22.0.2\bin\instrument.dll
0x00007ffc337e0000 - 0x00007ffc337fe000 	C:\Users\User\.jdks\openjdk-22.0.2\bin\java.dll
0x00007ffc66b80000 - 0x00007ffc673e7000 	C:\WINDOWS\System32\SHELL32.dll
0x00007ffc65d70000 - 0x00007ffc65f15000 	C:\WINDOWS\System32\ole32.dll
0x00007ffc62c60000 - 0x00007ffc6355f000 	C:\WINDOWS\SYSTEM32\windows.storage.dll
0x00007ffc62b20000 - 0x00007ffc62c5f000 	C:\WINDOWS\SYSTEM32\wintypes.dll
0x00007ffc66090000 - 0x00007ffc66189000 	C:\WINDOWS\System32\SHCORE.dll
0x00007ffc67600000 - 0x00007ffc6765e000 	C:\WINDOWS\System32\shlwapi.dll
0x00007ffc64c40000 - 0x00007ffc64c67000 	C:\WINDOWS\SYSTEM32\profapi.dll
0x00007ffc26520000 - 0x00007ffc265f7000 	C:\Users\User\.jdks\openjdk-22.0.2\bin\jsvml.dll
0x00007ffc2d4d0000 - 0x00007ffc2d4e7000 	C:\Users\User\.jdks\openjdk-22.0.2\bin\zip.dll
0x00007ffc4dad0000 - 0x00007ffc4dae0000 	C:\Users\User\.jdks\openjdk-22.0.2\bin\net.dll
0x00007ffc641d0000 - 0x00007ffc64239000 	C:\WINDOWS\system32\mswsock.dll
0x00007ffc337c0000 - 0x00007ffc337d6000 	C:\Users\User\.jdks\openjdk-22.0.2\bin\nio.dll
0x00007ffc4d3d0000 - 0x00007ffc4d3e0000 	C:\Users\User\.jdks\openjdk-22.0.2\bin\verify.dll
0x00007ffc374d0000 - 0x00007ffc374e7000 	C:\WINDOWS\system32\napinsp.dll
0x00007ffc374b0000 - 0x00007ffc374cb000 	C:\WINDOWS\system32\pnrpnsp.dll
0x00007ffc63830000 - 0x00007ffc63928000 	C:\WINDOWS\SYSTEM32\DNSAPI.dll
0x00007ffc63800000 - 0x00007ffc6382d000 	C:\WINDOWS\SYSTEM32\IPHLPAPI.DLL
0x00007ffc673f0000 - 0x00007ffc673f9000 	C:\WINDOWS\System32\NSI.dll
0x00007ffc37490000 - 0x00007ffc374a1000 	C:\WINDOWS\System32\winrnr.dll
0x00007ffc59d70000 - 0x00007ffc59d85000 	C:\WINDOWS\system32\wshbth.dll
0x00007ffc37460000 - 0x00007ffc37487000 	C:\WINDOWS\system32\nlansp_c.dll
0x0000000057030000 - 0x0000000057056000 	C:\Program Files\Bonjour\mdnsNSP.dll
0x00007ffc5a5e0000 - 0x00007ffc5a5ea000 	C:\Windows\System32\rasadhlp.dll
0x00007ffc5a470000 - 0x00007ffc5a4f3000 	C:\WINDOWS\System32\fwpuclnt.dll
0x00007ffc413d0000 - 0x00007ffc413da000 	C:\Users\User\.jdks\openjdk-22.0.2\bin\management.dll
0x00007ffc3a6b0000 - 0x00007ffc3a6bb000 	C:\Users\User\.jdks\openjdk-22.0.2\bin\management_ext.dll
0x00007ffc66880000 - 0x00007ffc66888000 	C:\WINDOWS\System32\PSAPI.DLL
0x00007ffc33800000 - 0x00007ffc3380b000 	C:\Users\User\.jdks\openjdk-22.0.2\bin\le.dll
0x00007ffc4a400000 - 0x00007ffc4a40e000 	C:\Users\User\.jdks\openjdk-22.0.2\bin\sunmscapi.dll
0x00007ffc64f50000 - 0x00007ffc650b6000 	C:\WINDOWS\System32\CRYPT32.dll
0x00007ffc645e0000 - 0x00007ffc6460e000 	C:\WINDOWS\SYSTEM32\ncrypt.dll
0x00007ffc645a0000 - 0x00007ffc645d7000 	C:\WINDOWS\SYSTEM32\NTASN1.dll
0x00007ffc64420000 - 0x00007ffc6443b000 	C:\WINDOWS\SYSTEM32\CRYPTSP.dll
0x00007ffc63cc0000 - 0x00007ffc63cf5000 	C:\WINDOWS\system32\rsaenh.dll
0x00007ffc642c0000 - 0x00007ffc642e8000 	C:\WINDOWS\SYSTEM32\USERENV.dll
0x00007ffc64440000 - 0x00007ffc6444c000 	C:\WINDOWS\SYSTEM32\CRYPTBASE.dll
0x00007ffc4da10000 - 0x00007ffc4da19000 	C:\Users\User\.jdks\openjdk-22.0.2\bin\extnet.dll
0x00007ffc3a6c0000 - 0x00007ffc3a6c8000 	C:\WINDOWS\system32\wshunix.dll

dbghelp: loaded successfully - version: 4.0.5 - missing functions: none
symbol engine: initialized successfully - sym options: 0x614 - pdb path: .;C:\Users\User\.jdks\openjdk-22.0.2\bin;C:\WINDOWS\SYSTEM32;C:\WINDOWS\WinSxS\amd64_microsoft.windows.common-controls_6595b64144ccf1df_6.0.22621.3672_none_2713b9d173822955;C:\Users\User\.jdks\openjdk-22.0.2\bin\server;C:\Program Files\Bonjour

VM Arguments:
jvm_args: -javaagent:C:\\Users\\User\\.m2\\repository\\org\\jacoco\\org.jacoco.agent\\0.8.12\\org.jacoco.agent-0.8.12-runtime.jar=destfile=C:\\Users\\User\\Desktop\\SOFTWARETESING\\SOFTWARETESTING\\libraryBACKEND\\target\\jacoco.exec 
java_command: C:\Users\User\AppData\Local\Temp\surefire5515854931532349871\surefirebooter13559751384932727411.jar C:\Users\User\AppData\Local\Temp\surefire5515854931532349871 2024-09-28T22-15-08_773-jvmRun1 surefire12912208404439384497tmp surefire_015698702694508774816tmp
java_class_path (initial): C:\Users\User\AppData\Local\Temp\surefire5515854931532349871\surefirebooter13559751384932727411.jar
Launcher Type: SUN_STANDARD

[Global flags]
     intx CICompilerCount                          = 4                                         {product} {ergonomic}
     uint ConcGCThreads                            = 2                                         {product} {ergonomic}
     uint G1ConcRefinementThreads                  = 8                                         {product} {ergonomic}
   size_t G1HeapRegionSize                         = 1048576                                   {product} {ergonomic}
   size_t InitialHeapSize                          = 130023424                                 {product} {ergonomic}
   size_t MarkStackSize                            = 4194304                                   {product} {ergonomic}
   size_t MaxHeapSize                              = 2061500416                                {product} {ergonomic}
   size_t MaxNewSize                               = 1236271104                                {product} {ergonomic}
   size_t MinHeapDeltaBytes                        = 1048576                                   {product} {ergonomic}
   size_t MinHeapSize                              = 8388608                                   {product} {ergonomic}
    uintx NonNMethodCodeHeapSize                   = 5839372                                {pd product} {ergonomic}
    uintx NonProfiledCodeHeapSize                  = 122909434                              {pd product} {ergonomic}
    uintx ProfiledCodeHeapSize                     = 122909434                              {pd product} {ergonomic}
    uintx ReservedCodeCacheSize                    = 251658240                              {pd product} {ergonomic}
     bool SegmentedCodeCache                       = true                                      {product} {ergonomic}
   size_t SoftMaxHeapSize                          = 2061500416                             {manageable} {ergonomic}
     bool UseCompressedOops                        = true                           {product lp64_product} {ergonomic}
     bool UseG1GC                                  = true                                      {product} {ergonomic}
     bool UseLargePagesIndividualAllocation        = false                                  {pd product} {ergonomic}

Logging:
Log output configuration:
 #0: stdout all=warning uptime,level,tags foldmultilines=false
 #1: stderr all=off uptime,level,tags foldmultilines=false

Environment Variables:
PATH=C:\Program Files\Common Files\Oracle\Java\javapath;C:\Program Files\Microsoft\jdk-11.0.16.101-hotspot\bin;C:\Program Files (x86)\Common Files\Oracle\Java\javapath;C:\WINDOWS\system32;C:\WINDOWS;C:\WINDOWS\System32\Wbem;C:\WINDOWS\System32\WindowsPowerShell\v1.0\;C:\WINDOWS\System32\OpenSSH\;C:\MinGW\bin;C:\Program Files (x86)\HP\Common\HPDestPlgIn\;C:\Program Files\Java\jdk1.8.0_341\bin;C:\Program Files\dotnet\;C:\Program Files\nodejs\;C:\Program Files\Git\cmd;C:\Program Files\Docker\Docker\resources\bin;C:\xampp\php;C:\ProgramData\ComposerSetup\bin;C:\apache-maven-3.9.8-bin\apache-maven-3.9.8\bin;C:\Program Files (x86)\Windows Kits\10\Windows Performance Toolkit\;C:\Program Files\MySQL\MySQL Shell 8.0\bin\;C:\Users\User\AppData\Local\Programs\Python\Python312\Scripts\;C:\Users\User\AppData\Local\Programs\Python\Python312\;C:\Users\User\AppData\Local\Programs\Python\Launcher\;C:\Users\User\AppData\Local\Microsoft\WindowsApps;C:\Users\User\AppData\Local\Programs\Microsoft VS Code\bin;C:\Program Files (x86)\HP\Common\HPDestPlgIn\;C:\mg\MinGW\bin;C:\Users\User\AppData\Roaming\npm;C:\flutter\bin;C:\dart-sdk\bin;C:\Users\User\AppData\Roaming\Composer\vendor\bin;C:\Program Files\JetBrains\IntelliJ IDEA 2024.1.4\bin;;C:\Program Files\JetBrains\IntelliJ IDEA Community Edition 2024.2.1\bin;
USERNAME=User
OS=Windows_NT
PROCESSOR_IDENTIFIER=Intel64 Family 6 Model 154 Stepping 4, GenuineIntel
TMP=C:\Users\User\AppData\Local\Temp
TEMP=C:\Users\User\AppData\Local\Temp




Periodic native trim disabled

---------------  S Y S T E M  ---------------

OS:
 Windows 11 , 64 bit Build 22621 (10.0.22621.3958)
OS uptime: 2 days 5:37 hours

CPU: total 8 (initial active 8) (8 cores per cpu, 1 threads per core) family 6 model 154 stepping 4 microcode 0x42c, cx8, cmov, fxsr, mmx, 3dnowpref, sse, sse2, sse3, ssse3, sse4.1, sse4.2, popcnt, lzcnt, tsc, tscinvbit, avx, avx2, aes, erms, clmul, bmi1, bmi2, adx, sha, fma, vzeroupper, clflush, clflushopt, clwb, serialize, rdtscp, rdpid, fsrm, f16c, pku, cet_ibt, cet_ss
Processor Information for processor 0
  Max Mhz: 1200, Current Mhz: 1200, Mhz Limit: 1200
Processor Information for processor 1
  Max Mhz: 1200, Current Mhz: 1200, Mhz Limit: 1200
Processor Information for processor 2
  Max Mhz: 1200, Current Mhz: 1200, Mhz Limit: 1200
Processor Information for processor 3
  Max Mhz: 1200, Current Mhz: 1200, Mhz Limit: 1200
Processor Information for processor 4
  Max Mhz: 1200, Current Mhz: 900, Mhz Limit: 900
Processor Information for processor 5
  Max Mhz: 1200, Current Mhz: 900, Mhz Limit: 900
Processor Information for processor 6
  Max Mhz: 1200, Current Mhz: 900, Mhz Limit: 900
Processor Information for processor 7
  Max Mhz: 1200, Current Mhz: 900, Mhz Limit: 900

Memory: 4k page, system-wide physical 7863M (511M free)
TotalPageFile size 30722M (AvailPageFile size 0M)
current process WorkingSet (physical memory assigned to process): 373M, peak: 418M
current process commit charge ("private bytes"): 425M, peak: 463M

vm_info: OpenJDK 64-Bit Server VM (22.0.2+9-70) for windows-amd64 JRE (22.0.2+9-70), built on 2024-06-04T16:52:23Z by "mach5one" with MS VC++ 17.6 (VS2022)

END.
